<?xml version="1.0" encoding="UTF-8"?>
<!-- Generated by org.testng.reporters.JUnitXMLReporter -->
<testsuite ignored="10" hostname="Testriqs-MacBook-Air-5.local" failures="1" tests="15" name="Test" time="605.538" errors="0" timestamp="06 Jan 2025 08:15:03 GMT">
  <testcase classname="Demo.Invoify.tests.test_FormAndTo" name="testLogoIsDisplayed" time="17.566"/>
  <testcase classname="Demo.Invoify.tests.test_InvoiceDetail" name="testLogoIsDisplayedInPreview" time="52.415"/>
  <testcase classname="Demo.Invoify.tests.test_LineItems" name="testProperTotalCalculation" time="45.231"/>
  <testcase classname="Demo.Invoify.tests.test_PaymentInfo" name="testBankDetailsAreEntered" time="41.699"/>
  <testcase classname="Demo.Invoify.tests.test_SummaryPage" name="testToggleButtonEnabling" time="42.808"/>
  <testcase classname="Demo.Invoify.tests.test_PreviewPage" name="testInvoiceSaving" time="64.948"/>
  <testcase classname="Demo.Invoify.tests.test_FormAndTo" name="testAddingNewCustomInput" time="33.238"/>
  <testcase classname="Demo.Invoify.tests.test_InvoiceDetail" name="testAmountCurrencyChangesCorrectly" time="18.953"/>
  <testcase classname="Demo.Invoify.tests.test_LineItems" name="testAddANewitem" time="19.878"/>
  <testcase classname="Demo.Invoify.tests.test_SummaryPage" name="testPercentageChange" time="51.864"/>
  <testcase classname="Demo.Invoify.tests.test_PreviewPage" name="testGeneratingNewInvoice" time="34.408">
    <failure type="org.openqa.selenium.NoSuchElementException" message="no such element: Unable to locate element: {&amp;quot;method&amp;quot;:&amp;quot;xpath&amp;quot;,&amp;quot;selector&amp;quot;:&amp;quot;//div[@class=&amp;apos;grid gap-1&amp;apos;]/div[@class=&amp;apos;text-sm font-semibold&amp;apos;]&amp;quot;}
  (Session info: chrome=131.0.6778.205)
For documentation on this error, please visit: https://www.selenium.dev/documentation/webdriver/troubleshooting/errors#no-such-element-exception
Build info: version: &amp;apos;4.13.0&amp;apos;, revision: &amp;apos;ba948ece5b*&amp;apos;
System info: os.name: &amp;apos;Mac OS X&amp;apos;, os.arch: &amp;apos;aarch64&amp;apos;, os.version: &amp;apos;15.0.1&amp;apos;, java.version: &amp;apos;23.0.1&amp;apos;
Driver info: org.openqa.selenium.chrome.ChromeDriver
Command: [83398c01b30821c92abc63b0af0760d4, findElement {using=xpath, value=//div[@class=&amp;apos;grid gap-1&amp;apos;]/div[@class=&amp;apos;text-sm font-semibold&amp;apos;]}]
Capabilities {acceptInsecureCerts: false, browserName: chrome, browserVersion: 131.0.6778.205, chrome: {chromedriverVersion: 131.0.6778.204 (52183f9e99a..., userDataDir: /var/folders/zr/v2p23ft14w9...}, fedcm:accounts: true, goog:chromeOptions: {debuggerAddress: localhost:52193}, networkConnectionEnabled: false, pageLoadStrategy: normal, platformName: mac, proxy: Proxy(), se:cdp: ws://localhost:52193/devtoo..., se:cdpVersion: 131.0.6778.205, setWindowRect: true, strictFileInteractability: false, timeouts: {implicit: 0, pageLoad: 300000, script: 30000}, unhandledPromptBehavior: dismiss and notify, webauthn:extension:credBlob: true, webauthn:extension:largeBlob: true, webauthn:extension:minPinLength: true, webauthn:extension:prf: true, webauthn:virtualAuthenticators: true}
Session ID: 83398c01b30821c92abc63b0af0760d4">
      <![CDATA[org.openqa.selenium.NoSuchElementException: no such element: Unable to locate element: {"method":"xpath","selector":"//div[@class='grid gap-1']/div[@class='text-sm font-semibold']"}
  (Session info: chrome=131.0.6778.205)
For documentation on this error, please visit: https://www.selenium.dev/documentation/webdriver/troubleshooting/errors#no-such-element-exception
Build info: version: '4.13.0', revision: 'ba948ece5b*'
System info: os.name: 'Mac OS X', os.arch: 'aarch64', os.version: '15.0.1', java.version: '23.0.1'
Driver info: org.openqa.selenium.chrome.ChromeDriver
Command: [83398c01b30821c92abc63b0af0760d4, findElement {using=xpath, value=//div[@class='grid gap-1']/div[@class='text-sm font-semibold']}]
Capabilities {acceptInsecureCerts: false, browserName: chrome, browserVersion: 131.0.6778.205, chrome: {chromedriverVersion: 131.0.6778.204 (52183f9e99a..., userDataDir: /var/folders/zr/v2p23ft14w9...}, fedcm:accounts: true, goog:chromeOptions: {debuggerAddress: localhost:52193}, networkConnectionEnabled: false, pageLoadStrategy: normal, platformName: mac, proxy: Proxy(), se:cdp: ws://localhost:52193/devtoo..., se:cdpVersion: 131.0.6778.205, setWindowRect: true, strictFileInteractability: false, timeouts: {implicit: 0, pageLoad: 300000, script: 30000}, unhandledPromptBehavior: dismiss and notify, webauthn:extension:credBlob: true, webauthn:extension:largeBlob: true, webauthn:extension:minPinLength: true, webauthn:extension:prf: true, webauthn:virtualAuthenticators: true}
Session ID: 83398c01b30821c92abc63b0af0760d4
at org.openqa.selenium.remote.codec.w3c.W3CHttpResponseCodec.createException(W3CHttpResponseCodec.java:200)
at org.openqa.selenium.remote.codec.w3c.W3CHttpResponseCodec.decode(W3CHttpResponseCodec.java:133)
at org.openqa.selenium.remote.codec.w3c.W3CHttpResponseCodec.decode(W3CHttpResponseCodec.java:52)
at org.openqa.selenium.remote.HttpCommandExecutor.execute(HttpCommandExecutor.java:191)
at org.openqa.selenium.remote.service.DriverCommandExecutor.invokeExecute(DriverCommandExecutor.java:196)
at org.openqa.selenium.remote.service.DriverCommandExecutor.execute(DriverCommandExecutor.java:171)
at org.openqa.selenium.remote.RemoteWebDriver.execute(RemoteWebDriver.java:602)
at org.openqa.selenium.remote.ElementLocation$ElementFinder$2.findElement(ElementLocation.java:165)
at org.openqa.selenium.remote.ElementLocation.findElement(ElementLocation.java:59)
at org.openqa.selenium.remote.RemoteWebDriver.findElement(RemoteWebDriver.java:359)
at org.openqa.selenium.remote.RemoteWebDriver.findElement(RemoteWebDriver.java:353)
at org.openqa.selenium.support.pagefactory.DefaultElementLocator.findElement(DefaultElementLocator.java:68)
at org.openqa.selenium.support.pagefactory.internal.LocatingElementHandler.invoke(LocatingElementHandler.java:38)
at jdk.proxy2/jdk.proxy2.$Proxy19.getText(Unknown Source)
at Demo.Invoify.Pages.actionAndPreviewPage.getMessage(actionAndPreviewPage.java:188)
at Demo.Invoify.tests.test_PreviewPage.testGeneratingNewInvoice(test_PreviewPage.java:40)
... Removed 30 stack frames]]>
    </failure>
  </testcase> <!-- testGeneratingNewInvoice -->
  <testcase classname="Demo.Invoify.tests.test_FormAndTo" name="testNextButtonFunctionality" time="10.685"/>
  <testcase classname="Demo.Invoify.tests.test_SummaryPage" name="testSignatureUpload" time="15.47"/>
  <testcase classname="Demo.Invoify.tests.test_PreviewPage" name="testLoadingInvoiceFromDevice" time="15.12"/>
  <testcase classname="Demo.Invoify.tests.test_PreviewPage" name="testSendingGeneratedPdfViaMail" time="35.003"/>
  <testcase classname="Demo.Invoify.core.DriverManagement" name="@BeforeSuite startingTest" time="0.0">
    <ignored/>
  </testcase> <!-- @BeforeSuite startingTest -->
  <testcase classname="Demo.Invoify.core.DriverManagement" name="@BeforeSuite startingTest" time="0.0">
    <ignored/>
  </testcase> <!-- @BeforeSuite startingTest -->
  <testcase classname="Demo.Invoify.core.DriverManagement" name="@BeforeSuite startingTest" time="0.0">
    <ignored/>
  </testcase> <!-- @BeforeSuite startingTest -->
  <testcase classname="Demo.Invoify.core.DriverManagement" name="@BeforeSuite startingTest" time="0.0">
    <ignored/>
  </testcase> <!-- @BeforeSuite startingTest -->
  <testcase classname="Demo.Invoify.core.DriverManagement" name="@BeforeSuite startingTest" time="0.0">
    <ignored/>
  </testcase> <!-- @BeforeSuite startingTest -->
  <testcase classname="Demo.Invoify.core.DriverManagement" name="@AfterSuite endTest" time="0.0">
    <ignored/>
  </testcase> <!-- @AfterSuite endTest -->
  <testcase classname="Demo.Invoify.core.DriverManagement" name="@AfterSuite endTest" time="0.0">
    <ignored/>
  </testcase> <!-- @AfterSuite endTest -->
  <testcase classname="Demo.Invoify.core.DriverManagement" name="@AfterSuite endTest" time="0.0">
    <ignored/>
  </testcase> <!-- @AfterSuite endTest -->
  <testcase classname="Demo.Invoify.core.DriverManagement" name="@AfterSuite endTest" time="0.0">
    <ignored/>
  </testcase> <!-- @AfterSuite endTest -->
  <testcase classname="Demo.Invoify.core.DriverManagement" name="@AfterSuite endTest" time="0.0">
    <ignored/>
  </testcase> <!-- @AfterSuite endTest -->
</testsuite> <!-- Test -->
