<!DOCTYPE html>

<html>
  <head>
  <meta charset='utf-8'>
  <title>TestNG reports</title>

    <link type="text/css" href="testng-reports.css" rel="stylesheet" />
    <script type="text/javascript" src="jquery-1.7.1.min.js"></script>
    <script type="text/javascript" src="testng-reports.js"></script>
    <script type="text/javascript" src="https://www.google.com/jsapi"></script>
    <script type='text/javascript'>
      google.load('visualization', '1', {packages:['table']});
      google.setOnLoadCallback(drawTable);
      var suiteTableInitFunctions = new Array();
      var suiteTableData = new Array();
    </script>
    <!--
      <script type="text/javascript" src="jquery-ui/js/jquery-ui-1.8.16.custom.min.js"></script>
     -->
  </head>

  <body>
    <div class="top-banner-root">
      <span class="top-banner-title-font">Test results</span>
      <br/>
      <span class="top-banner-font-1">1 suite, 5 failed tests</span>
    </div> <!-- top-banner-root -->
    <div class="navigator-root">
      <div class="navigator-suite-header">
        <span>All suites</span>
        <a href="#" title="Collapse/expand all the suites" class="collapse-all-link">
          <img src="collapseall.gif" class="collapse-all-icon">
          </img> <!-- collapse-all-icon -->
        </a> <!-- collapse-all-link -->
      </div> <!-- navigator-suite-header -->
      <div class="suite">
        <div class="rounded-window">
          <div class="suite-header light-rounded-window-top">
            <a href="#" panel-name="suite-Suite" class="navigator-link">
              <span class="suite-name border-failed">Suite</span>
            </a> <!-- navigator-link -->
          </div> <!-- suite-header light-rounded-window-top -->
          <div class="navigator-suite-content">
            <div class="suite-section-title">
              <span>Info</span>
            </div> <!-- suite-section-title -->
            <div class="suite-section-content">
              <ul>
                <li>
                  <a href="#" panel-name="test-xml-Suite" class="navigator-link ">
                    <span>testng.xml</span>
                  </a> <!-- navigator-link  -->
                </li>
                <li>
                  <a href="#" panel-name="testlist-Suite" class="navigator-link ">
                    <span class="test-stats">1 test</span>
                  </a> <!-- navigator-link  -->
                </li>
                <li>
                  <a href="#" panel-name="group-Suite" class="navigator-link ">
                    <span>0 groups</span>
                  </a> <!-- navigator-link  -->
                </li>
                <li>
                  <a href="#" panel-name="times-Suite" class="navigator-link ">
                    <span>Times</span>
                  </a> <!-- navigator-link  -->
                </li>
                <li>
                  <a href="#" panel-name="reporter-Suite" class="navigator-link ">
                    <span>Reporter output</span>
                  </a> <!-- navigator-link  -->
                </li>
                <li>
                  <a href="#" panel-name="ignored-methods-Suite" class="navigator-link ">
                    <span>Ignored methods</span>
                  </a> <!-- navigator-link  -->
                </li>
                <li>
                  <a href="#" panel-name="chronological-Suite" class="navigator-link ">
                    <span>Chronological view</span>
                  </a> <!-- navigator-link  -->
                </li>
              </ul>
            </div> <!-- suite-section-content -->
            <div class="result-section">
              <div class="suite-section-title">
                <span>Results</span>
              </div> <!-- suite-section-title -->
              <div class="suite-section-content">
                <ul>
                  <li>
                    <span class="method-stats">15 methods, 5 failed,   10 passed</span>
                  </li>
                  <li>
                    <span class="method-list-title failed">Failed methods</span>
                    <span class="show-or-hide-methods failed">
                      <a href="#" panel-name="suite-Suite" class="hide-methods failed suite-Suite"> (hide)</a> <!-- hide-methods failed suite-Suite -->
                      <a href="#" panel-name="suite-Suite" class="show-methods failed suite-Suite"> (show)</a> <!-- show-methods failed suite-Suite -->
                    </span>
                    <div class="method-list-content failed suite-Suite">
                      <span>
                        <img src="failed.png" width="3%"/>
                        <a href="#" panel-name="suite-Suite" title="Demo.Invoify.tests.test_PreviewPage" class="method navigator-link" hash-for-method="testGeneratingNewInvoice">testGeneratingNewInvoice</a> <!-- method navigator-link -->
                      </span>
                      <br/>
                      <span>
                        <img src="failed.png" width="3%"/>
                        <a href="#" panel-name="suite-Suite" title="Demo.Invoify.tests.test_PreviewPage" class="method navigator-link" hash-for-method="testInvoiceSaving">testInvoiceSaving</a> <!-- method navigator-link -->
                      </span>
                      <br/>
                      <span>
                        <img src="failed.png" width="3%"/>
                        <a href="#" panel-name="suite-Suite" title="Demo.Invoify.tests.test_PreviewPage" class="method navigator-link" hash-for-method="testLoadingInvoiceFromDevice">testLoadingInvoiceFromDevice</a> <!-- method navigator-link -->
                      </span>
                      <br/>
                      <span>
                        <img src="failed.png" width="3%"/>
                        <a href="#" panel-name="suite-Suite" title="Demo.Invoify.tests.test_PreviewPage" class="method navigator-link" hash-for-method="testSendingGeneratedPdfViaMail">testSendingGeneratedPdfViaMail</a> <!-- method navigator-link -->
                      </span>
                      <br/>
                      <span>
                        <img src="failed.png" width="3%"/>
                        <a href="#" panel-name="suite-Suite" title="Demo.Invoify.tests.test_SummaryPage" class="method navigator-link" hash-for-method="testSignatureUpload">testSignatureUpload</a> <!-- method navigator-link -->
                      </span>
                      <br/>
                    </div> <!-- method-list-content failed suite-Suite -->
                  </li>
                  <li>
                    <span class="method-list-title passed">Passed methods</span>
                    <span class="show-or-hide-methods passed">
                      <a href="#" panel-name="suite-Suite" class="hide-methods passed suite-Suite"> (hide)</a> <!-- hide-methods passed suite-Suite -->
                      <a href="#" panel-name="suite-Suite" class="show-methods passed suite-Suite"> (show)</a> <!-- show-methods passed suite-Suite -->
                    </span>
                    <div class="method-list-content passed suite-Suite">
                      <span>
                        <img src="passed.png" width="3%"/>
                        <a href="#" panel-name="suite-Suite" title="Demo.Invoify.tests.test_LineItems" class="method navigator-link" hash-for-method="testAddANewitem">testAddANewitem</a> <!-- method navigator-link -->
                      </span>
                      <br/>
                      <span>
                        <img src="passed.png" width="3%"/>
                        <a href="#" panel-name="suite-Suite" title="Demo.Invoify.tests.test_FormAndTo" class="method navigator-link" hash-for-method="testAddingNewCustomInput">testAddingNewCustomInput</a> <!-- method navigator-link -->
                      </span>
                      <br/>
                      <span>
                        <img src="passed.png" width="3%"/>
                        <a href="#" panel-name="suite-Suite" title="Demo.Invoify.tests.test_InvoiceDetail" class="method navigator-link" hash-for-method="testAmountCurrencyChangesCorrectly">testAmountCurrencyChangesCorrectly</a> <!-- method navigator-link -->
                      </span>
                      <br/>
                      <span>
                        <img src="passed.png" width="3%"/>
                        <a href="#" panel-name="suite-Suite" title="Demo.Invoify.tests.test_PaymentInfo" class="method navigator-link" hash-for-method="testBankDetailsAreEntered">testBankDetailsAreEntered</a> <!-- method navigator-link -->
                      </span>
                      <br/>
                      <span>
                        <img src="passed.png" width="3%"/>
                        <a href="#" panel-name="suite-Suite" title="Demo.Invoify.tests.test_FormAndTo" class="method navigator-link" hash-for-method="testLogoIsDisplayed">testLogoIsDisplayed</a> <!-- method navigator-link -->
                      </span>
                      <br/>
                      <span>
                        <img src="passed.png" width="3%"/>
                        <a href="#" panel-name="suite-Suite" title="Demo.Invoify.tests.test_InvoiceDetail" class="method navigator-link" hash-for-method="testLogoIsDisplayedInPreview">testLogoIsDisplayedInPreview</a> <!-- method navigator-link -->
                      </span>
                      <br/>
                      <span>
                        <img src="passed.png" width="3%"/>
                        <a href="#" panel-name="suite-Suite" title="Demo.Invoify.tests.test_FormAndTo" class="method navigator-link" hash-for-method="testNextButtonFunctionality">testNextButtonFunctionality</a> <!-- method navigator-link -->
                      </span>
                      <br/>
                      <span>
                        <img src="passed.png" width="3%"/>
                        <a href="#" panel-name="suite-Suite" title="Demo.Invoify.tests.test_SummaryPage" class="method navigator-link" hash-for-method="testPercentageChange">testPercentageChange</a> <!-- method navigator-link -->
                      </span>
                      <br/>
                      <span>
                        <img src="passed.png" width="3%"/>
                        <a href="#" panel-name="suite-Suite" title="Demo.Invoify.tests.test_LineItems" class="method navigator-link" hash-for-method="testProperTotalCalculation">testProperTotalCalculation</a> <!-- method navigator-link -->
                      </span>
                      <br/>
                      <span>
                        <img src="passed.png" width="3%"/>
                        <a href="#" panel-name="suite-Suite" title="Demo.Invoify.tests.test_SummaryPage" class="method navigator-link" hash-for-method="testToggleButtonEnabling">testToggleButtonEnabling</a> <!-- method navigator-link -->
                      </span>
                      <br/>
                    </div> <!-- method-list-content passed suite-Suite -->
                  </li>
                </ul>
              </div> <!-- suite-section-content -->
            </div> <!-- result-section -->
          </div> <!-- navigator-suite-content -->
        </div> <!-- rounded-window -->
      </div> <!-- suite -->
    </div> <!-- navigator-root -->
    <div class="wrapper">
      <div class="main-panel-root">
        <div panel-name="suite-Suite" class="panel Suite">
          <div class="suite-Suite-class-failed">
            <div class="main-panel-header rounded-window-top">
              <img src="failed.png"/>
              <span class="class-name">Demo.Invoify.tests.test_SummaryPage</span>
            </div> <!-- main-panel-header rounded-window-top -->
            <div class="main-panel-content rounded-window-bottom">
              <div class="method">
                <div class="method-content">
                  <a name="testSignatureUpload">
                  </a> <!-- testSignatureUpload -->
                  <span class="method-name">testSignatureUpload</span>
                  <div class="stack-trace">java.lang.AssertionError: expected [true] but found [false]
	at Demo.Invoify.tests.test_SummaryPage.testSignatureUpload(test_SummaryPage.java:57)
... Removed 31 stack frames
</div> <!-- stack-trace -->
                </div> <!-- method-content -->
              </div> <!-- method -->
            </div> <!-- main-panel-content rounded-window-bottom -->
          </div> <!-- suite-Suite-class-failed -->
          <div class="suite-Suite-class-failed">
            <div class="main-panel-header rounded-window-top">
              <img src="failed.png"/>
              <span class="class-name">Demo.Invoify.tests.test_PreviewPage</span>
            </div> <!-- main-panel-header rounded-window-top -->
            <div class="main-panel-content rounded-window-bottom">
              <div class="method">
                <div class="method-content">
                  <a name="testGeneratingNewInvoice">
                  </a> <!-- testGeneratingNewInvoice -->
                  <span class="method-name">testGeneratingNewInvoice</span>
                  <div class="stack-trace">org.openqa.selenium.ElementClickInterceptedException: element click intercepted: Element &lt;button class=&quot;items-center justify-center rounded-md text-sm font-medium ring-offset-background transition-colors focus-visible:outline-none focus-visible:ring-2 focus-visible:ring-ring focus-visible:ring-offset-2 disabled:pointer-events-none disabled:opacity-50 border border-input bg-background hover:bg-accent hover:text-accent-foreground h-10 px-4 py-2 flex gap-2&quot; type=&quot;button&quot; data-state=&quot;closed&quot;&gt;...&lt;/button&gt; is not clickable at point (1004, 323). Other element would receive the click: &lt;div data-state=&quot;open&quot; class=&quot;fixed inset-0 z-50 bg-background/80 backdrop-blur-sm data-[state=open]:animate-in data-[state=closed]:animate-out data-[state=closed]:fade-out-0 data-[state=open]:fade-in-0&quot; data-aria-hidden=&quot;true&quot; aria-hidden=&quot;true&quot; style=&quot;pointer-events: auto;&quot;&gt;&lt;/div&gt;
  (Session info: chrome=131.0.6778.205)
Build info: version: &apos;4.13.0&apos;, revision: &apos;ba948ece5b*&apos;
System info: os.name: &apos;Mac OS X&apos;, os.arch: &apos;aarch64&apos;, os.version: &apos;15.0.1&apos;, java.version: &apos;21&apos;
Driver info: org.openqa.selenium.chrome.ChromeDriver
Command: [4355f61d2e85668651281a7809274a8e, clickElement {id=f.500477D710E9F5FD31547CEAFF0605B2.d.DF62CB06D37E3686FCB756271C29A2FE.e.40}]
Capabilities {acceptInsecureCerts: false, browserName: chrome, browserVersion: 131.0.6778.205, chrome: {chromedriverVersion: 131.0.6778.204 (52183f9e99a..., userDataDir: /var/folders/zr/v2p23ft14w9...}, fedcm:accounts: true, goog:chromeOptions: {debuggerAddress: localhost:58425}, networkConnectionEnabled: false, pageLoadStrategy: normal, platformName: mac, proxy: Proxy(), se:cdp: ws://localhost:58425/devtoo..., se:cdpVersion: 131.0.6778.205, setWindowRect: true, strictFileInteractability: false, timeouts: {implicit: 0, pageLoad: 300000, script: 30000}, unhandledPromptBehavior: dismiss and notify, webauthn:extension:credBlob: true, webauthn:extension:largeBlob: true, webauthn:extension:minPinLength: true, webauthn:extension:prf: true, webauthn:virtualAuthenticators: true}
Element: [[ChromeDriver: chrome on mac (4355f61d2e85668651281a7809274a8e)] -&gt; xpath: //button[text()=&apos;New Invoice&apos;]]
Session ID: 4355f61d2e85668651281a7809274a8e
	at org.openqa.selenium.remote.codec.w3c.W3CHttpResponseCodec.createException(W3CHttpResponseCodec.java:200)
	at org.openqa.selenium.remote.codec.w3c.W3CHttpResponseCodec.decode(W3CHttpResponseCodec.java:133)
	at org.openqa.selenium.remote.codec.w3c.W3CHttpResponseCodec.decode(W3CHttpResponseCodec.java:52)
	at org.openqa.selenium.remote.HttpCommandExecutor.execute(HttpCommandExecutor.java:191)
	at org.openqa.selenium.remote.service.DriverCommandExecutor.invokeExecute(DriverCommandExecutor.java:196)
	at org.openqa.selenium.remote.service.DriverCommandExecutor.execute(DriverCommandExecutor.java:171)
	at org.openqa.selenium.remote.RemoteWebDriver.execute(RemoteWebDriver.java:602)
	at org.openqa.selenium.remote.RemoteWebElement.execute(RemoteWebElement.java:224)
	at org.openqa.selenium.remote.RemoteWebElement.click(RemoteWebElement.java:77)
	at org.openqa.selenium.support.pagefactory.internal.LocatingElementHandler.invoke(LocatingElementHandler.java:51)
	at jdk.proxy2/jdk.proxy2.$Proxy19.click(Unknown Source)
	at Demo.Invoify.Pages.actionAndPreviewPage.addNewInvoice(actionAndPreviewPage.java:170)
	at Demo.Invoify.tests.test_PreviewPage.testGeneratingNewInvoice(test_PreviewPage.java:39)
... Removed 32 stack frames
</div> <!-- stack-trace -->
                </div> <!-- method-content -->
              </div> <!-- method -->
              <div class="method">
                <div class="method-content">
                  <a name="testInvoiceSaving">
                  </a> <!-- testInvoiceSaving -->
                  <span class="method-name">testInvoiceSaving</span>
                  <div class="stack-trace">java.lang.AssertionError: expected [true] but found [false]
	at Demo.Invoify.tests.test_PreviewPage.testInvoiceSaving(test_PreviewPage.java:32)
... Removed 31 stack frames
</div> <!-- stack-trace -->
                </div> <!-- method-content -->
              </div> <!-- method -->
              <div class="method">
                <div class="method-content">
                  <a name="testLoadingInvoiceFromDevice">
                  </a> <!-- testLoadingInvoiceFromDevice -->
                  <span class="method-name">testLoadingInvoiceFromDevice</span>
                  <div class="stack-trace">org.openqa.selenium.ElementClickInterceptedException: element click intercepted: Element &lt;button class=&quot;items-center justify-center rounded-md text-sm font-medium ring-offset-background transition-colors focus-visible:outline-none focus-visible:ring-2 focus-visible:ring-ring focus-visible:ring-offset-2 disabled:pointer-events-none disabled:opacity-50 border border-input bg-background hover:bg-accent hover:text-accent-foreground h-10 px-4 py-2 flex gap-2&quot; type=&quot;button&quot; aria-haspopup=&quot;dialog&quot; aria-expanded=&quot;true&quot; aria-controls=&quot;radix-:R5lb5amkq:&quot; data-state=&quot;open&quot;&gt;...&lt;/button&gt; is not clickable at point (1003, 275). Other element would receive the click: &lt;div data-state=&quot;open&quot; class=&quot;fixed inset-0 z-50 bg-background/80 backdrop-blur-sm data-[state=open]:animate-in data-[state=closed]:animate-out data-[state=closed]:fade-out-0 data-[state=open]:fade-in-0&quot; data-aria-hidden=&quot;true&quot; aria-hidden=&quot;true&quot; style=&quot;pointer-events: auto;&quot;&gt;&lt;/div&gt;
  (Session info: chrome=131.0.6778.205)
Build info: version: &apos;4.13.0&apos;, revision: &apos;ba948ece5b*&apos;
System info: os.name: &apos;Mac OS X&apos;, os.arch: &apos;aarch64&apos;, os.version: &apos;15.0.1&apos;, java.version: &apos;21&apos;
Driver info: org.openqa.selenium.chrome.ChromeDriver
Command: [4355f61d2e85668651281a7809274a8e, clickElement {id=f.500477D710E9F5FD31547CEAFF0605B2.d.DF62CB06D37E3686FCB756271C29A2FE.e.50}]
Capabilities {acceptInsecureCerts: false, browserName: chrome, browserVersion: 131.0.6778.205, chrome: {chromedriverVersion: 131.0.6778.204 (52183f9e99a..., userDataDir: /var/folders/zr/v2p23ft14w9...}, fedcm:accounts: true, goog:chromeOptions: {debuggerAddress: localhost:58425}, networkConnectionEnabled: false, pageLoadStrategy: normal, platformName: mac, proxy: Proxy(), se:cdp: ws://localhost:58425/devtoo..., se:cdpVersion: 131.0.6778.205, setWindowRect: true, strictFileInteractability: false, timeouts: {implicit: 0, pageLoad: 300000, script: 30000}, unhandledPromptBehavior: dismiss and notify, webauthn:extension:credBlob: true, webauthn:extension:largeBlob: true, webauthn:extension:minPinLength: true, webauthn:extension:prf: true, webauthn:virtualAuthenticators: true}
Element: [[ChromeDriver: chrome on mac (4355f61d2e85668651281a7809274a8e)] -&gt; xpath: //button[text()=&apos;Load Invoice&apos;]]
Session ID: 4355f61d2e85668651281a7809274a8e
	at org.openqa.selenium.remote.codec.w3c.W3CHttpResponseCodec.createException(W3CHttpResponseCodec.java:200)
	at org.openqa.selenium.remote.codec.w3c.W3CHttpResponseCodec.decode(W3CHttpResponseCodec.java:133)
	at org.openqa.selenium.remote.codec.w3c.W3CHttpResponseCodec.decode(W3CHttpResponseCodec.java:52)
	at org.openqa.selenium.remote.HttpCommandExecutor.execute(HttpCommandExecutor.java:191)
	at org.openqa.selenium.remote.service.DriverCommandExecutor.invokeExecute(DriverCommandExecutor.java:196)
	at org.openqa.selenium.remote.service.DriverCommandExecutor.execute(DriverCommandExecutor.java:171)
	at org.openqa.selenium.remote.RemoteWebDriver.execute(RemoteWebDriver.java:602)
	at org.openqa.selenium.remote.RemoteWebElement.execute(RemoteWebElement.java:224)
	at org.openqa.selenium.remote.RemoteWebElement.click(RemoteWebElement.java:77)
	at org.openqa.selenium.support.pagefactory.internal.LocatingElementHandler.invoke(LocatingElementHandler.java:51)
	at jdk.proxy2/jdk.proxy2.$Proxy19.click(Unknown Source)
	at Demo.Invoify.Pages.actionAndPreviewPage.loadInvoice(actionAndPreviewPage.java:175)
	at Demo.Invoify.Pages.actionAndPreviewPage.loadInvoiceFromDevice(actionAndPreviewPage.java:210)
	at Demo.Invoify.tests.test_PreviewPage.testLoadingInvoiceFromDevice(test_PreviewPage.java:46)
... Removed 32 stack frames
</div> <!-- stack-trace -->
                </div> <!-- method-content -->
              </div> <!-- method -->
              <div class="method">
                <div class="method-content">
                  <a name="testSendingGeneratedPdfViaMail">
                  </a> <!-- testSendingGeneratedPdfViaMail -->
                  <span class="method-name">testSendingGeneratedPdfViaMail</span>
                  <div class="stack-trace">org.openqa.selenium.ElementClickInterceptedException: element click intercepted: Element &lt;button class=&quot;items-center justify-center rounded-md text-sm font-medium ring-offset-background transition-colors focus-visible:outline-none focus-visible:ring-2 focus-visible:ring-ring focus-visible:ring-offset-2 disabled:pointer-events-none disabled:opacity-50 bg-primary text-primary-foreground hover:bg-primary/90 h-10 px-4 py-2 flex gap-2&quot; type=&quot;submit&quot; data-state=&quot;closed&quot;&gt;...&lt;/button&gt; is not clickable at point (1163, 323). Other element would receive the click: &lt;div data-state=&quot;open&quot; class=&quot;fixed inset-0 z-50 bg-background/80 backdrop-blur-sm data-[state=open]:animate-in data-[state=closed]:animate-out data-[state=closed]:fade-out-0 data-[state=open]:fade-in-0&quot; data-aria-hidden=&quot;true&quot; aria-hidden=&quot;true&quot; style=&quot;pointer-events: auto;&quot;&gt;&lt;/div&gt;
  (Session info: chrome=131.0.6778.205)
Build info: version: &apos;4.13.0&apos;, revision: &apos;ba948ece5b*&apos;
System info: os.name: &apos;Mac OS X&apos;, os.arch: &apos;aarch64&apos;, os.version: &apos;15.0.1&apos;, java.version: &apos;21&apos;
Driver info: org.openqa.selenium.chrome.ChromeDriver
Command: [4355f61d2e85668651281a7809274a8e, clickElement {id=f.500477D710E9F5FD31547CEAFF0605B2.d.DF62CB06D37E3686FCB756271C29A2FE.e.38}]
Capabilities {acceptInsecureCerts: false, browserName: chrome, browserVersion: 131.0.6778.205, chrome: {chromedriverVersion: 131.0.6778.204 (52183f9e99a..., userDataDir: /var/folders/zr/v2p23ft14w9...}, fedcm:accounts: true, goog:chromeOptions: {debuggerAddress: localhost:58425}, networkConnectionEnabled: false, pageLoadStrategy: normal, platformName: mac, proxy: Proxy(), se:cdp: ws://localhost:58425/devtoo..., se:cdpVersion: 131.0.6778.205, setWindowRect: true, strictFileInteractability: false, timeouts: {implicit: 0, pageLoad: 300000, script: 30000}, unhandledPromptBehavior: dismiss and notify, webauthn:extension:credBlob: true, webauthn:extension:largeBlob: true, webauthn:extension:minPinLength: true, webauthn:extension:prf: true, webauthn:virtualAuthenticators: true}
Element: [[ChromeDriver: chrome on mac (4355f61d2e85668651281a7809274a8e)] -&gt; xpath: //button[text()=&apos;Generate PDF&apos;]]
Session ID: 4355f61d2e85668651281a7809274a8e
	at org.openqa.selenium.remote.codec.w3c.W3CHttpResponseCodec.createException(W3CHttpResponseCodec.java:200)
	at org.openqa.selenium.remote.codec.w3c.W3CHttpResponseCodec.decode(W3CHttpResponseCodec.java:133)
	at org.openqa.selenium.remote.codec.w3c.W3CHttpResponseCodec.decode(W3CHttpResponseCodec.java:52)
	at org.openqa.selenium.remote.HttpCommandExecutor.execute(HttpCommandExecutor.java:191)
	at org.openqa.selenium.remote.service.DriverCommandExecutor.invokeExecute(DriverCommandExecutor.java:196)
	at org.openqa.selenium.remote.service.DriverCommandExecutor.execute(DriverCommandExecutor.java:171)
	at org.openqa.selenium.remote.RemoteWebDriver.execute(RemoteWebDriver.java:602)
	at org.openqa.selenium.remote.RemoteWebElement.execute(RemoteWebElement.java:224)
	at org.openqa.selenium.remote.RemoteWebElement.click(RemoteWebElement.java:77)
	at org.openqa.selenium.support.pagefactory.internal.LocatingElementHandler.invoke(LocatingElementHandler.java:51)
	at jdk.proxy2/jdk.proxy2.$Proxy19.click(Unknown Source)
	at Demo.Invoify.Pages.actionAndPreviewPage.generatePDF(actionAndPreviewPage.java:161)
	at Demo.Invoify.tests.test_PreviewPage.testSendingGeneratedPdfViaMail(test_PreviewPage.java:54)
... Removed 32 stack frames
</div> <!-- stack-trace -->
                </div> <!-- method-content -->
              </div> <!-- method -->
            </div> <!-- main-panel-content rounded-window-bottom -->
          </div> <!-- suite-Suite-class-failed -->
          <div class="suite-Suite-class-passed">
            <div class="main-panel-header rounded-window-top">
              <img src="passed.png"/>
              <span class="class-name">Demo.Invoify.tests.test_SummaryPage</span>
            </div> <!-- main-panel-header rounded-window-top -->
            <div class="main-panel-content rounded-window-bottom">
              <div class="method">
                <div class="method-content">
                  <a name="testPercentageChange">
                  </a> <!-- testPercentageChange -->
                  <span class="method-name">testPercentageChange</span>
                </div> <!-- method-content -->
              </div> <!-- method -->
              <div class="method">
                <div class="method-content">
                  <a name="testToggleButtonEnabling">
                  </a> <!-- testToggleButtonEnabling -->
                  <span class="method-name">testToggleButtonEnabling</span>
                </div> <!-- method-content -->
              </div> <!-- method -->
            </div> <!-- main-panel-content rounded-window-bottom -->
          </div> <!-- suite-Suite-class-passed -->
          <div class="suite-Suite-class-passed">
            <div class="main-panel-header rounded-window-top">
              <img src="passed.png"/>
              <span class="class-name">Demo.Invoify.tests.test_FormAndTo</span>
            </div> <!-- main-panel-header rounded-window-top -->
            <div class="main-panel-content rounded-window-bottom">
              <div class="method">
                <div class="method-content">
                  <a name="testAddingNewCustomInput">
                  </a> <!-- testAddingNewCustomInput -->
                  <span class="method-name">testAddingNewCustomInput</span>
                </div> <!-- method-content -->
              </div> <!-- method -->
              <div class="method">
                <div class="method-content">
                  <a name="testLogoIsDisplayed">
                  </a> <!-- testLogoIsDisplayed -->
                  <span class="method-name">testLogoIsDisplayed</span>
                </div> <!-- method-content -->
              </div> <!-- method -->
              <div class="method">
                <div class="method-content">
                  <a name="testNextButtonFunctionality">
                  </a> <!-- testNextButtonFunctionality -->
                  <span class="method-name">testNextButtonFunctionality</span>
                </div> <!-- method-content -->
              </div> <!-- method -->
            </div> <!-- main-panel-content rounded-window-bottom -->
          </div> <!-- suite-Suite-class-passed -->
          <div class="suite-Suite-class-passed">
            <div class="main-panel-header rounded-window-top">
              <img src="passed.png"/>
              <span class="class-name">Demo.Invoify.tests.test_InvoiceDetail</span>
            </div> <!-- main-panel-header rounded-window-top -->
            <div class="main-panel-content rounded-window-bottom">
              <div class="method">
                <div class="method-content">
                  <a name="testAmountCurrencyChangesCorrectly">
                  </a> <!-- testAmountCurrencyChangesCorrectly -->
                  <span class="method-name">testAmountCurrencyChangesCorrectly</span>
                </div> <!-- method-content -->
              </div> <!-- method -->
              <div class="method">
                <div class="method-content">
                  <a name="testLogoIsDisplayedInPreview">
                  </a> <!-- testLogoIsDisplayedInPreview -->
                  <span class="method-name">testLogoIsDisplayedInPreview</span>
                </div> <!-- method-content -->
              </div> <!-- method -->
            </div> <!-- main-panel-content rounded-window-bottom -->
          </div> <!-- suite-Suite-class-passed -->
          <div class="suite-Suite-class-passed">
            <div class="main-panel-header rounded-window-top">
              <img src="passed.png"/>
              <span class="class-name">Demo.Invoify.tests.test_LineItems</span>
            </div> <!-- main-panel-header rounded-window-top -->
            <div class="main-panel-content rounded-window-bottom">
              <div class="method">
                <div class="method-content">
                  <a name="testAddANewitem">
                  </a> <!-- testAddANewitem -->
                  <span class="method-name">testAddANewitem</span>
                </div> <!-- method-content -->
              </div> <!-- method -->
              <div class="method">
                <div class="method-content">
                  <a name="testProperTotalCalculation">
                  </a> <!-- testProperTotalCalculation -->
                  <span class="method-name">testProperTotalCalculation</span>
                </div> <!-- method-content -->
              </div> <!-- method -->
            </div> <!-- main-panel-content rounded-window-bottom -->
          </div> <!-- suite-Suite-class-passed -->
          <div class="suite-Suite-class-passed">
            <div class="main-panel-header rounded-window-top">
              <img src="passed.png"/>
              <span class="class-name">Demo.Invoify.tests.test_PaymentInfo</span>
            </div> <!-- main-panel-header rounded-window-top -->
            <div class="main-panel-content rounded-window-bottom">
              <div class="method">
                <div class="method-content">
                  <a name="testBankDetailsAreEntered">
                  </a> <!-- testBankDetailsAreEntered -->
                  <span class="method-name">testBankDetailsAreEntered</span>
                </div> <!-- method-content -->
              </div> <!-- method -->
            </div> <!-- main-panel-content rounded-window-bottom -->
          </div> <!-- suite-Suite-class-passed -->
        </div> <!-- panel Suite -->
        <div panel-name="test-xml-Suite" class="panel">
          <div class="main-panel-header rounded-window-top">
            <span class="header-content">/Users/testriqqalab/eclipse-workspace/Invoify/testng.xml</span>
          </div> <!-- main-panel-header rounded-window-top -->
          <div class="main-panel-content rounded-window-bottom">
            <pre>
&lt;?xml version=&quot;1.0&quot; encoding=&quot;UTF-8&quot;?&gt;
&lt;!DOCTYPE suite SYSTEM &quot;http://testng.org/testng-1.0.dtd&quot;&gt;
&lt;suite name=&quot;Suite&quot; guice-stage=&quot;DEVELOPMENT&quot; verbose=&quot;0&quot;&gt;
  &lt;listeners&gt;
    &lt;listener class-name=&quot;Demo.Invoify.Utils.listeners&quot;/&gt;
  &lt;/listeners&gt;
  &lt;test thread-count=&quot;5&quot; name=&quot;Test&quot; verbose=&quot;0&quot;&gt;
    &lt;classes&gt;
      &lt;class name=&quot;Demo.Invoify.tests.test_FormAndTo&quot;/&gt;
      &lt;class name=&quot;Demo.Invoify.tests.test_InvoiceDetail&quot;/&gt;
      &lt;class name=&quot;Demo.Invoify.tests.test_LineItems&quot;/&gt;
      &lt;class name=&quot;Demo.Invoify.tests.test_PaymentInfo&quot;/&gt;
      &lt;class name=&quot;Demo.Invoify.tests.test_SummaryPage&quot;/&gt;
      &lt;class name=&quot;Demo.Invoify.tests.test_PreviewPage&quot;/&gt;
    &lt;/classes&gt;
  &lt;/test&gt; &lt;!-- Test --&gt;
&lt;/suite&gt; &lt;!-- Suite --&gt;
            </pre>
          </div> <!-- main-panel-content rounded-window-bottom -->
        </div> <!-- panel -->
        <div panel-name="testlist-Suite" class="panel">
          <div class="main-panel-header rounded-window-top">
            <span class="header-content">Tests for Suite</span>
          </div> <!-- main-panel-header rounded-window-top -->
          <div class="main-panel-content rounded-window-bottom">
            <ul>
              <li>
                <span class="test-name">Test (6 classes)</span>
              </li>
            </ul>
          </div> <!-- main-panel-content rounded-window-bottom -->
        </div> <!-- panel -->
        <div panel-name="group-Suite" class="panel">
          <div class="main-panel-header rounded-window-top">
            <span class="header-content">Groups for Suite</span>
          </div> <!-- main-panel-header rounded-window-top -->
          <div class="main-panel-content rounded-window-bottom">
          </div> <!-- main-panel-content rounded-window-bottom -->
        </div> <!-- panel -->
        <div panel-name="times-Suite" class="panel">
          <div class="main-panel-header rounded-window-top">
            <span class="header-content">Times for Suite</span>
          </div> <!-- main-panel-header rounded-window-top -->
          <div class="main-panel-content rounded-window-bottom">
            <div class="times-div">
              <script type="text/javascript">
suiteTableInitFunctions.push('tableData_Suite');
function tableData_Suite() {
var data = new google.visualization.DataTable();
data.addColumn('number', 'Number');
data.addColumn('string', 'Method');
data.addColumn('string', 'Class');
data.addColumn('number', 'Time (ms)');
data.addRows(15);
data.setCell(0, 0, 0)
data.setCell(0, 1, 'testPercentageChange')
data.setCell(0, 2, 'Demo.Invoify.tests.test_SummaryPage')
data.setCell(0, 3, 31163);
data.setCell(1, 0, 1)
data.setCell(1, 1, 'testInvoiceSaving')
data.setCell(1, 2, 'Demo.Invoify.tests.test_PreviewPage')
data.setCell(1, 3, 12467);
data.setCell(2, 0, 2)
data.setCell(2, 1, 'testLogoIsDisplayedInPreview')
data.setCell(2, 2, 'Demo.Invoify.tests.test_InvoiceDetail')
data.setCell(2, 3, 10595);
data.setCell(3, 0, 3)
data.setCell(3, 1, 'testSendingGeneratedPdfViaMail')
data.setCell(3, 2, 'Demo.Invoify.tests.test_PreviewPage')
data.setCell(3, 3, 1155);
data.setCell(4, 0, 4)
data.setCell(4, 1, 'testLoadingInvoiceFromDevice')
data.setCell(4, 2, 'Demo.Invoify.tests.test_PreviewPage')
data.setCell(4, 3, 1119);
data.setCell(5, 0, 5)
data.setCell(5, 1, 'testGeneratingNewInvoice')
data.setCell(5, 2, 'Demo.Invoify.tests.test_PreviewPage')
data.setCell(5, 3, 1077);
data.setCell(6, 0, 6)
data.setCell(6, 1, 'testSignatureUpload')
data.setCell(6, 2, 'Demo.Invoify.tests.test_SummaryPage')
data.setCell(6, 3, 895);
data.setCell(7, 0, 7)
data.setCell(7, 1, 'testProperTotalCalculation')
data.setCell(7, 2, 'Demo.Invoify.tests.test_LineItems')
data.setCell(7, 3, 649);
data.setCell(8, 0, 8)
data.setCell(8, 1, 'testBankDetailsAreEntered')
data.setCell(8, 2, 'Demo.Invoify.tests.test_PaymentInfo')
data.setCell(8, 3, 633);
data.setCell(9, 0, 9)
data.setCell(9, 1, 'testAmountCurrencyChangesCorrectly')
data.setCell(9, 2, 'Demo.Invoify.tests.test_InvoiceDetail')
data.setCell(9, 3, 552);
data.setCell(10, 0, 10)
data.setCell(10, 1, 'testAddingNewCustomInput')
data.setCell(10, 2, 'Demo.Invoify.tests.test_FormAndTo')
data.setCell(10, 3, 524);
data.setCell(11, 0, 11)
data.setCell(11, 1, 'testToggleButtonEnabling')
data.setCell(11, 2, 'Demo.Invoify.tests.test_SummaryPage')
data.setCell(11, 3, 524);
data.setCell(12, 0, 12)
data.setCell(12, 1, 'testAddANewitem')
data.setCell(12, 2, 'Demo.Invoify.tests.test_LineItems')
data.setCell(12, 3, 374);
data.setCell(13, 0, 13)
data.setCell(13, 1, 'testNextButtonFunctionality')
data.setCell(13, 2, 'Demo.Invoify.tests.test_FormAndTo')
data.setCell(13, 3, 277);
data.setCell(14, 0, 14)
data.setCell(14, 1, 'testLogoIsDisplayed')
data.setCell(14, 2, 'Demo.Invoify.tests.test_FormAndTo')
data.setCell(14, 3, 62);
window.suiteTableData['Suite']= { tableData: data, tableDiv: 'times-div-Suite'}
return data;
}
              </script>
              <span class="suite-total-time">Total running time: 1 minutes</span>
              <div id="times-div-Suite">
              </div> <!-- times-div-Suite -->
            </div> <!-- times-div -->
          </div> <!-- main-panel-content rounded-window-bottom -->
        </div> <!-- panel -->
        <div panel-name="reporter-Suite" class="panel">
          <div class="main-panel-header rounded-window-top">
            <span class="header-content">Reporter output for Suite</span>
          </div> <!-- main-panel-header rounded-window-top -->
          <div class="main-panel-content rounded-window-bottom">
          </div> <!-- main-panel-content rounded-window-bottom -->
        </div> <!-- panel -->
        <div panel-name="ignored-methods-Suite" class="panel">
          <div class="main-panel-header rounded-window-top">
            <span class="header-content">10 ignored methods</span>
          </div> <!-- main-panel-header rounded-window-top -->
          <div class="main-panel-content rounded-window-bottom">
            <div class="ignored-class-div">
              <span class="ignored-class-name">Demo.Invoify.tests.test_SummaryPage</span>
              <div class="ignored-methods-div">
                <span class="ignored-method-name">startingTest</span>
                <br/>
                <span class="ignored-method-name">endTest</span>
                <br/>
              </div> <!-- ignored-methods-div -->
            </div> <!-- ignored-class-div -->
            <div class="ignored-class-div">
              <span class="ignored-class-name">Demo.Invoify.tests.test_PreviewPage</span>
              <div class="ignored-methods-div">
                <span class="ignored-method-name">startingTest</span>
                <br/>
                <span class="ignored-method-name">endTest</span>
                <br/>
              </div> <!-- ignored-methods-div -->
            </div> <!-- ignored-class-div -->
            <div class="ignored-class-div">
              <span class="ignored-class-name">Demo.Invoify.tests.test_InvoiceDetail</span>
              <div class="ignored-methods-div">
                <span class="ignored-method-name">startingTest</span>
                <br/>
                <span class="ignored-method-name">endTest</span>
                <br/>
              </div> <!-- ignored-methods-div -->
            </div> <!-- ignored-class-div -->
            <div class="ignored-class-div">
              <span class="ignored-class-name">Demo.Invoify.tests.test_LineItems</span>
              <div class="ignored-methods-div">
                <span class="ignored-method-name">startingTest</span>
                <br/>
                <span class="ignored-method-name">endTest</span>
                <br/>
              </div> <!-- ignored-methods-div -->
            </div> <!-- ignored-class-div -->
            <div class="ignored-class-div">
              <span class="ignored-class-name">Demo.Invoify.tests.test_PaymentInfo</span>
              <div class="ignored-methods-div">
                <span class="ignored-method-name">startingTest</span>
                <br/>
                <span class="ignored-method-name">endTest</span>
                <br/>
              </div> <!-- ignored-methods-div -->
            </div> <!-- ignored-class-div -->
          </div> <!-- main-panel-content rounded-window-bottom -->
        </div> <!-- panel -->
        <div panel-name="chronological-Suite" class="panel">
          <div class="main-panel-header rounded-window-top">
            <span class="header-content">Methods in chronological order</span>
          </div> <!-- main-panel-header rounded-window-top -->
          <div class="main-panel-content rounded-window-bottom">
            <div class="chronological-class">
              <div class="chronological-class-name">Demo.Invoify.tests.test_FormAndTo</div> <!-- chronological-class-name -->
              <div class="configuration-suite before">
                <span class="method-name">startingTest</span>
                <span class="method-start">0 ms</span>
              </div> <!-- configuration-suite before -->
              <div class="configuration-class before">
                <span class="method-name">initiateDriver</span>
                <span class="method-start">340 ms</span>
              </div> <!-- configuration-class before -->
              <div class="configuration-method before">
                <span class="method-name">setMethod(public void Demo.Invoify.tests.test_FormAndTo.testLogoIsDisplayed())</span>
                <span class="method-start">9330 ms</span>
              </div> <!-- configuration-method before -->
              <div class="test-method">
                <span class="method-name">testLogoIsDisplayed</span>
                <span class="method-start">9352 ms</span>
              </div> <!-- test-method -->
            </div> <!-- chronological-class -->
            <div class="chronological-class">
              <div class="chronological-class-name">Demo.Invoify.tests.test_InvoiceDetail</div> <!-- chronological-class-name -->
              <div class="configuration-class before">
                <span class="method-name">initiateDriver</span>
                <span class="method-start">9415 ms</span>
              </div> <!-- configuration-class before -->
              <div class="configuration-method before">
                <span class="method-name">setMethod(public void Demo.Invoify.tests.test_InvoiceDetail.testLogoIsDisplayedInPreview() throws java.io.IOEx...)</span>
                <span class="method-start">16771 ms</span>
              </div> <!-- configuration-method before -->
              <div class="test-method">
                <span class="method-name">testLogoIsDisplayedInPreview</span>
                <span class="method-start">16771 ms</span>
              </div> <!-- test-method -->
            </div> <!-- chronological-class -->
            <div class="chronological-class">
              <div class="chronological-class-name">Demo.Invoify.tests.test_LineItems</div> <!-- chronological-class-name -->
              <div class="configuration-class before">
                <span class="method-name">initiateDriver</span>
                <span class="method-start">27368 ms</span>
              </div> <!-- configuration-class before -->
              <div class="configuration-method before">
                <span class="method-name">setMethod(public void Demo.Invoify.tests.test_LineItems.testProperTotalCalculation() throws java.lang.Interrup...)</span>
                <span class="method-start">33777 ms</span>
              </div> <!-- configuration-method before -->
              <div class="test-method">
                <span class="method-name">testProperTotalCalculation</span>
                <span class="method-start">33779 ms</span>
              </div> <!-- test-method -->
            </div> <!-- chronological-class -->
            <div class="chronological-class">
              <div class="chronological-class-name">Demo.Invoify.tests.test_PaymentInfo</div> <!-- chronological-class-name -->
              <div class="configuration-class before">
                <span class="method-name">initiateDriver</span>
                <span class="method-start">34428 ms</span>
              </div> <!-- configuration-class before -->
              <div class="configuration-method before">
                <span class="method-name">setMethod(public void Demo.Invoify.tests.test_PaymentInfo.testBankDetailsAreEntered() throws java.io.IOExcepti...)</span>
                <span class="method-start">41525 ms</span>
              </div> <!-- configuration-method before -->
              <div class="test-method">
                <span class="method-name">testBankDetailsAreEntered</span>
                <span class="method-start">41537 ms</span>
              </div> <!-- test-method -->
              <div class="configuration-class after">
                <span class="method-name">quitDriver</span>
                <span class="method-start">42171 ms</span>
              </div> <!-- configuration-class after -->
            </div> <!-- chronological-class -->
            <div class="chronological-class">
              <div class="chronological-class-name">Demo.Invoify.tests.test_SummaryPage</div> <!-- chronological-class-name -->
              <div class="configuration-class before">
                <span class="method-name">initiateDriver</span>
                <span class="method-start">42332 ms</span>
              </div> <!-- configuration-class before -->
              <div class="configuration-method before">
                <span class="method-name">setMethod(public void Demo.Invoify.tests.test_SummaryPage.testToggleButtonEnabling() throws java.io.IOExceptio...)</span>
                <span class="method-start">48300 ms</span>
              </div> <!-- configuration-method before -->
              <div class="test-method">
                <span class="method-name">testToggleButtonEnabling</span>
                <span class="method-start">48302 ms</span>
              </div> <!-- test-method -->
            </div> <!-- chronological-class -->
            <div class="chronological-class">
              <div class="chronological-class-name">Demo.Invoify.tests.test_PreviewPage</div> <!-- chronological-class-name -->
              <div class="configuration-class before">
                <span class="method-name">initiateDriver</span>
                <span class="method-start">48827 ms</span>
              </div> <!-- configuration-class before -->
              <div class="configuration-method before">
                <span class="method-name">setMethod(public void Demo.Invoify.tests.test_PreviewPage.testInvoiceSaving() throws java.io.IOException)</span>
                <span class="method-start">55017 ms</span>
              </div> <!-- configuration-method before -->
              <div class="test-method">
                <img src="failed.png">
                </img>
                <span class="method-name">testInvoiceSaving</span>
                <span class="method-start">55031 ms</span>
              </div> <!-- test-method -->
            </div> <!-- chronological-class -->
            <div class="chronological-class">
              <div class="chronological-class-name">Demo.Invoify.tests.test_FormAndTo</div> <!-- chronological-class-name -->
              <div class="configuration-method before">
                <span class="method-name">setMethod(public void Demo.Invoify.tests.test_FormAndTo.testAddingNewCustomInput())</span>
                <span class="method-start">67517 ms</span>
              </div> <!-- configuration-method before -->
              <div class="test-method">
                <span class="method-name">testAddingNewCustomInput</span>
                <span class="method-start">67518 ms</span>
              </div> <!-- test-method -->
            </div> <!-- chronological-class -->
            <div class="chronological-class">
              <div class="chronological-class-name">Demo.Invoify.tests.test_InvoiceDetail</div> <!-- chronological-class-name -->
              <div class="configuration-method before">
                <span class="method-name">setMethod(public void Demo.Invoify.tests.test_InvoiceDetail.testAmountCurrencyChangesCorrectly() throws java.i...)</span>
                <span class="method-start">68043 ms</span>
              </div> <!-- configuration-method before -->
              <div class="test-method">
                <span class="method-name">testAmountCurrencyChangesCorrectly</span>
                <span class="method-start">68044 ms</span>
              </div> <!-- test-method -->
              <div class="configuration-class after">
                <span class="method-name">quitDriver</span>
                <span class="method-start">68596 ms</span>
              </div> <!-- configuration-class after -->
            </div> <!-- chronological-class -->
            <div class="chronological-class">
              <div class="chronological-class-name">Demo.Invoify.tests.test_LineItems</div> <!-- chronological-class-name -->
              <div class="configuration-method before">
                <span class="method-name">setMethod(public void Demo.Invoify.tests.test_LineItems.testAddANewitem() throws java.io.IOException)</span>
                <span class="method-start">68845 ms</span>
              </div> <!-- configuration-method before -->
              <div class="test-method">
                <span class="method-name">testAddANewitem</span>
                <span class="method-start">68846 ms</span>
              </div> <!-- test-method -->
              <div class="configuration-class after">
                <span class="method-name">quitDriver</span>
                <span class="method-start">69221 ms</span>
              </div> <!-- configuration-class after -->
            </div> <!-- chronological-class -->
            <div class="chronological-class">
              <div class="chronological-class-name">Demo.Invoify.tests.test_SummaryPage</div> <!-- chronological-class-name -->
              <div class="configuration-method before">
                <span class="method-name">setMethod(public void Demo.Invoify.tests.test_SummaryPage.testPercentageChange() throws java.io.IOException)</span>
                <span class="method-start">69852 ms</span>
              </div> <!-- configuration-method before -->
              <div class="test-method">
                <span class="method-name">testPercentageChange</span>
                <span class="method-start">69856 ms</span>
              </div> <!-- test-method -->
            </div> <!-- chronological-class -->
            <div class="chronological-class">
              <div class="chronological-class-name">Demo.Invoify.tests.test_PreviewPage</div> <!-- chronological-class-name -->
              <div class="configuration-method before">
                <span class="method-name">setMethod(public void Demo.Invoify.tests.test_PreviewPage.testGeneratingNewInvoice() throws java.io.IOExceptio...)</span>
                <span class="method-start">101022 ms</span>
              </div> <!-- configuration-method before -->
              <div class="test-method">
                <img src="failed.png">
                </img>
                <span class="method-name">testGeneratingNewInvoice</span>
                <span class="method-start">101023 ms</span>
              </div> <!-- test-method -->
            </div> <!-- chronological-class -->
            <div class="chronological-class">
              <div class="chronological-class-name">Demo.Invoify.tests.test_FormAndTo</div> <!-- chronological-class-name -->
              <div class="configuration-method before">
                <span class="method-name">setMethod(public void Demo.Invoify.tests.test_FormAndTo.testNextButtonFunctionality() throws java.io.IOExcepti...)</span>
                <span class="method-start">102106 ms</span>
              </div> <!-- configuration-method before -->
              <div class="test-method">
                <span class="method-name">testNextButtonFunctionality</span>
                <span class="method-start">102107 ms</span>
              </div> <!-- test-method -->
              <div class="configuration-class after">
                <span class="method-name">quitDriver</span>
                <span class="method-start">102384 ms</span>
              </div> <!-- configuration-class after -->
            </div> <!-- chronological-class -->
            <div class="chronological-class">
              <div class="chronological-class-name">Demo.Invoify.tests.test_SummaryPage</div> <!-- chronological-class-name -->
              <div class="configuration-method before">
                <span class="method-name">setMethod(public void Demo.Invoify.tests.test_SummaryPage.testSignatureUpload() throws java.io.IOException)</span>
                <span class="method-start">102602 ms</span>
              </div> <!-- configuration-method before -->
              <div class="test-method">
                <img src="failed.png">
                </img>
                <span class="method-name">testSignatureUpload</span>
                <span class="method-start">102603 ms</span>
              </div> <!-- test-method -->
              <div class="configuration-class after">
                <span class="method-name">quitDriver</span>
                <span class="method-start">103503 ms</span>
              </div> <!-- configuration-class after -->
            </div> <!-- chronological-class -->
            <div class="chronological-class">
              <div class="chronological-class-name">Demo.Invoify.tests.test_PreviewPage</div> <!-- chronological-class-name -->
              <div class="configuration-method before">
                <span class="method-name">setMethod(public void Demo.Invoify.tests.test_PreviewPage.testLoadingInvoiceFromDevice() throws java.io.IOExce...)</span>
                <span class="method-start">103700 ms</span>
              </div> <!-- configuration-method before -->
              <div class="test-method">
                <img src="failed.png">
                </img>
                <span class="method-name">testLoadingInvoiceFromDevice</span>
                <span class="method-start">103701 ms</span>
              </div> <!-- test-method -->
              <div class="configuration-method before">
                <span class="method-name">setMethod(public void Demo.Invoify.tests.test_PreviewPage.testSendingGeneratedPdfViaMail() throws java.io.IOEx...)</span>
                <span class="method-start">104822 ms</span>
              </div> <!-- configuration-method before -->
              <div class="test-method">
                <img src="failed.png">
                </img>
                <span class="method-name">testSendingGeneratedPdfViaMail</span>
                <span class="method-start">104822 ms</span>
              </div> <!-- test-method -->
              <div class="configuration-class after">
                <span class="method-name">quitDriver</span>
                <span class="method-start">105980 ms</span>
              </div> <!-- configuration-class after -->
            </div> <!-- chronological-class -->
            <div class="chronological-class">
              <div class="chronological-class-name">Demo.Invoify.tests.test_FormAndTo</div> <!-- chronological-class-name -->
              <div class="configuration-suite after">
                <span class="method-name">endTest</span>
                <span class="method-start">106278 ms</span>
              </div> <!-- configuration-suite after -->
          </div> <!-- main-panel-content rounded-window-bottom -->
        </div> <!-- panel -->
      </div> <!-- main-panel-root -->
    </div> <!-- wrapper -->
  </body>
</html>
