<?xml version="1.0" encoding="UTF-8"?>
<testng-results ignored="10" total="25" passed="10" failed="5" skipped="0">
  <reporter-output>
  </reporter-output>
  <suite started-at="2025-01-07T06:10:40Z" name="Suite" finished-at="2025-01-07T06:12:25Z" duration-ms="105892">
    <groups>
    </groups>
    <test started-at="2025-01-07T06:10:40Z" name="Test" finished-at="2025-01-07T06:12:25Z" duration-ms="105892">
      <class name="Demo.Invoify.tests.test_LineItems">
        <test-method is-config="true" signature="initiateDriver()[pri:0, instance:Demo.Invoify.tests.test_LineItems@48aca48b]" started-at="2025-01-07T06:11:07Z" name="initiateDriver" finished-at="2025-01-07T06:11:13Z" duration-ms="6407" status="PASS">
          <reporter-output>
          </reporter-output>
        </test-method> <!-- initiateDriver -->
        <test-method is-config="true" signature="setMethod(java.lang.reflect.Method)[pri:0, instance:Demo.Invoify.tests.test_LineItems@48aca48b]" started-at="2025-01-07T06:11:13Z" name="setMethod" finished-at="2025-01-07T06:11:13Z" duration-ms="2" status="PASS">
          <params>
            <param index="0">
              <value>
                <![CDATA[public void Demo.Invoify.tests.test_LineItems.testProperTotalCalculation() throws java.lang.InterruptedException,java.io.IOException]]>
              </value>
            </param>
          </params>
          <reporter-output>
          </reporter-output>
        </test-method> <!-- setMethod -->
        <test-method signature="testProperTotalCalculation()[pri:1, instance:Demo.Invoify.tests.test_LineItems@48aca48b]" started-at="2025-01-07T06:11:13Z" name="testProperTotalCalculation" finished-at="2025-01-07T06:11:14Z" duration-ms="649" status="PASS">
          <reporter-output>
          </reporter-output>
        </test-method> <!-- testProperTotalCalculation -->
        <test-method is-config="true" signature="setMethod(java.lang.reflect.Method)[pri:0, instance:Demo.Invoify.tests.test_LineItems@48aca48b]" started-at="2025-01-07T06:11:48Z" name="setMethod" finished-at="2025-01-07T06:11:48Z" duration-ms="1" status="PASS">
          <params>
            <param index="0">
              <value>
                <![CDATA[public void Demo.Invoify.tests.test_LineItems.testAddANewitem() throws java.io.IOException]]>
              </value>
            </param>
          </params>
          <reporter-output>
          </reporter-output>
        </test-method> <!-- setMethod -->
        <test-method signature="testAddANewitem()[pri:2, instance:Demo.Invoify.tests.test_LineItems@48aca48b]" started-at="2025-01-07T06:11:48Z" name="testAddANewitem" finished-at="2025-01-07T06:11:48Z" duration-ms="374" status="PASS">
          <reporter-output>
          </reporter-output>
        </test-method> <!-- testAddANewitem -->
        <test-method is-config="true" signature="quitDriver()[pri:0, instance:Demo.Invoify.tests.test_LineItems@48aca48b]" started-at="2025-01-07T06:11:48Z" name="quitDriver" finished-at="2025-01-07T06:11:49Z" duration-ms="595" status="PASS">
          <reporter-output>
          </reporter-output>
        </test-method> <!-- quitDriver -->
      </class> <!-- Demo.Invoify.tests.test_LineItems -->
      <class name="Demo.Invoify.tests.test_FormAndTo">
        <test-method is-config="true" signature="startingTest()[pri:0, instance:Demo.Invoify.tests.test_FormAndTo@4efac082]" started-at="2025-01-07T06:10:39Z" name="startingTest" finished-at="2025-01-07T06:10:40Z" duration-ms="337" status="PASS">
          <reporter-output>
          </reporter-output>
        </test-method> <!-- startingTest -->
        <test-method is-config="true" signature="initiateDriver()[pri:0, instance:Demo.Invoify.tests.test_FormAndTo@4efac082]" started-at="2025-01-07T06:10:40Z" name="initiateDriver" finished-at="2025-01-07T06:10:49Z" duration-ms="8944" status="PASS">
          <reporter-output>
          </reporter-output>
        </test-method> <!-- initiateDriver -->
        <test-method is-config="true" signature="setMethod(java.lang.reflect.Method)[pri:0, instance:Demo.Invoify.tests.test_FormAndTo@4efac082]" started-at="2025-01-07T06:10:49Z" name="setMethod" finished-at="2025-01-07T06:10:49Z" duration-ms="22" status="PASS">
          <params>
            <param index="0">
              <value>
                <![CDATA[public void Demo.Invoify.tests.test_FormAndTo.testLogoIsDisplayed()]]>
              </value>
            </param>
          </params>
          <reporter-output>
          </reporter-output>
        </test-method> <!-- setMethod -->
        <test-method signature="testLogoIsDisplayed()[pri:1, instance:Demo.Invoify.tests.test_FormAndTo@4efac082]" started-at="2025-01-07T06:10:49Z" name="testLogoIsDisplayed" finished-at="2025-01-07T06:10:49Z" duration-ms="62" status="PASS">
          <reporter-output>
          </reporter-output>
        </test-method> <!-- testLogoIsDisplayed -->
        <test-method is-config="true" signature="setMethod(java.lang.reflect.Method)[pri:0, instance:Demo.Invoify.tests.test_FormAndTo@4efac082]" started-at="2025-01-07T06:11:47Z" name="setMethod" finished-at="2025-01-07T06:11:47Z" duration-ms="1" status="PASS">
          <params>
            <param index="0">
              <value>
                <![CDATA[public void Demo.Invoify.tests.test_FormAndTo.testAddingNewCustomInput()]]>
              </value>
            </param>
          </params>
          <reporter-output>
          </reporter-output>
        </test-method> <!-- setMethod -->
        <test-method signature="testAddingNewCustomInput()[pri:2, instance:Demo.Invoify.tests.test_FormAndTo@4efac082]" started-at="2025-01-07T06:11:47Z" name="testAddingNewCustomInput" finished-at="2025-01-07T06:11:47Z" duration-ms="524" status="PASS">
          <reporter-output>
          </reporter-output>
        </test-method> <!-- testAddingNewCustomInput -->
        <test-method is-config="true" signature="setMethod(java.lang.reflect.Method)[pri:0, instance:Demo.Invoify.tests.test_FormAndTo@4efac082]" started-at="2025-01-07T06:12:21Z" name="setMethod" finished-at="2025-01-07T06:12:21Z" duration-ms="1" status="PASS">
          <params>
            <param index="0">
              <value>
                <![CDATA[public void Demo.Invoify.tests.test_FormAndTo.testNextButtonFunctionality() throws java.io.IOException]]>
              </value>
            </param>
          </params>
          <reporter-output>
          </reporter-output>
        </test-method> <!-- setMethod -->
        <test-method signature="testNextButtonFunctionality()[pri:3, instance:Demo.Invoify.tests.test_FormAndTo@4efac082]" started-at="2025-01-07T06:12:21Z" name="testNextButtonFunctionality" finished-at="2025-01-07T06:12:22Z" duration-ms="277" status="PASS">
          <reporter-output>
          </reporter-output>
        </test-method> <!-- testNextButtonFunctionality -->
        <test-method is-config="true" signature="quitDriver()[pri:0, instance:Demo.Invoify.tests.test_FormAndTo@4efac082]" started-at="2025-01-07T06:12:22Z" name="quitDriver" finished-at="2025-01-07T06:12:22Z" duration-ms="218" status="PASS">
          <reporter-output>
          </reporter-output>
        </test-method> <!-- quitDriver -->
        <test-method is-config="true" signature="endTest()[pri:0, instance:Demo.Invoify.tests.test_FormAndTo@4efac082]" started-at="2025-01-07T06:12:26Z" name="endTest" finished-at="2025-01-07T06:12:26Z" duration-ms="184" status="PASS">
          <reporter-output>
          </reporter-output>
        </test-method> <!-- endTest -->
      </class> <!-- Demo.Invoify.tests.test_FormAndTo -->
      <class name="Demo.Invoify.tests.test_SummaryPage">
        <test-method is-config="true" signature="initiateDriver()[pri:0, instance:Demo.Invoify.tests.test_SummaryPage@b9b00e0]" started-at="2025-01-07T06:11:22Z" name="initiateDriver" finished-at="2025-01-07T06:11:28Z" duration-ms="5963" status="PASS">
          <reporter-output>
          </reporter-output>
        </test-method> <!-- initiateDriver -->
        <test-method is-config="true" signature="setMethod(java.lang.reflect.Method)[pri:0, instance:Demo.Invoify.tests.test_SummaryPage@b9b00e0]" started-at="2025-01-07T06:11:28Z" name="setMethod" finished-at="2025-01-07T06:11:28Z" duration-ms="2" status="PASS">
          <params>
            <param index="0">
              <value>
                <![CDATA[public void Demo.Invoify.tests.test_SummaryPage.testToggleButtonEnabling() throws java.io.IOException]]>
              </value>
            </param>
          </params>
          <reporter-output>
          </reporter-output>
        </test-method> <!-- setMethod -->
        <test-method signature="testToggleButtonEnabling()[pri:1, instance:Demo.Invoify.tests.test_SummaryPage@b9b00e0]" started-at="2025-01-07T06:11:28Z" name="testToggleButtonEnabling" finished-at="2025-01-07T06:11:28Z" duration-ms="524" status="PASS">
          <reporter-output>
          </reporter-output>
        </test-method> <!-- testToggleButtonEnabling -->
        <test-method is-config="true" signature="setMethod(java.lang.reflect.Method)[pri:0, instance:Demo.Invoify.tests.test_SummaryPage@b9b00e0]" started-at="2025-01-07T06:11:49Z" name="setMethod" finished-at="2025-01-07T06:11:49Z" duration-ms="4" status="PASS">
          <params>
            <param index="0">
              <value>
                <![CDATA[public void Demo.Invoify.tests.test_SummaryPage.testPercentageChange() throws java.io.IOException]]>
              </value>
            </param>
          </params>
          <reporter-output>
          </reporter-output>
        </test-method> <!-- setMethod -->
        <test-method signature="testPercentageChange()[pri:2, instance:Demo.Invoify.tests.test_SummaryPage@b9b00e0]" started-at="2025-01-07T06:11:49Z" name="testPercentageChange" finished-at="2025-01-07T06:12:20Z" duration-ms="31163" status="PASS">
          <reporter-output>
          </reporter-output>
        </test-method> <!-- testPercentageChange -->
        <test-method is-config="true" signature="setMethod(java.lang.reflect.Method)[pri:0, instance:Demo.Invoify.tests.test_SummaryPage@b9b00e0]" started-at="2025-01-07T06:12:22Z" name="setMethod" finished-at="2025-01-07T06:12:22Z" duration-ms="1" status="PASS">
          <params>
            <param index="0">
              <value>
                <![CDATA[public void Demo.Invoify.tests.test_SummaryPage.testSignatureUpload() throws java.io.IOException]]>
              </value>
            </param>
          </params>
          <reporter-output>
          </reporter-output>
        </test-method> <!-- setMethod -->
        <test-method signature="testSignatureUpload()[pri:3, instance:Demo.Invoify.tests.test_SummaryPage@b9b00e0]" started-at="2025-01-07T06:12:22Z" name="testSignatureUpload" finished-at="2025-01-07T06:12:23Z" duration-ms="895" status="FAIL">
          <exception class="java.lang.AssertionError">
            <message>
              <![CDATA[expected [true] but found [false]]]>
            </message>
            <full-stacktrace>
              <![CDATA[java.lang.AssertionError: expected [true] but found [false]
at org.testng.Assert.fail(Assert.java:96)
at org.testng.Assert.failNotEquals(Assert.java:776)
at org.testng.Assert.assertTrue(Assert.java:44)
at org.testng.Assert.assertTrue(Assert.java:54)
at Demo.Invoify.tests.test_SummaryPage.testSignatureUpload(test_SummaryPage.java:57)
at java.base/jdk.internal.reflect.DirectMethodHandleAccessor.invoke(DirectMethodHandleAccessor.java:103)
at java.base/java.lang.reflect.Method.invoke(Method.java:580)
at org.testng.internal.MethodInvocationHelper.invokeMethod(MethodInvocationHelper.java:124)
at org.testng.internal.Invoker.invokeMethod(Invoker.java:583)
at org.testng.internal.Invoker.invokeTestMethod(Invoker.java:719)
at org.testng.internal.Invoker.invokeTestMethods(Invoker.java:989)
at org.testng.internal.TestMethodWorker.invokeTestMethods(TestMethodWorker.java:125)
at org.testng.internal.TestMethodWorker.run(TestMethodWorker.java:109)
at org.testng.TestRunner.privateRun(TestRunner.java:648)
at org.testng.TestRunner.run(TestRunner.java:505)
at org.testng.SuiteRunner.runTest(SuiteRunner.java:455)
at org.testng.SuiteRunner.runSequentially(SuiteRunner.java:450)
at org.testng.SuiteRunner.privateRun(SuiteRunner.java:415)
at org.testng.SuiteRunner.run(SuiteRunner.java:364)
at org.testng.SuiteRunnerWorker.runSuite(SuiteRunnerWorker.java:52)
at org.testng.SuiteRunnerWorker.run(SuiteRunnerWorker.java:84)
at org.testng.TestNG.runSuitesSequentially(TestNG.java:1208)
at org.testng.TestNG.runSuitesLocally(TestNG.java:1137)
at org.testng.TestNG.runSuites(TestNG.java:1049)
at org.testng.TestNG.run(TestNG.java:1017)
at org.apache.maven.surefire.testng.TestNGExecutor.run(TestNGExecutor.java:324)
at org.apache.maven.surefire.testng.TestNGXmlTestSuite.execute(TestNGXmlTestSuite.java:74)
at org.apache.maven.surefire.testng.TestNGProvider.invoke(TestNGProvider.java:123)
at org.apache.maven.surefire.booter.ForkedBooter.runSuitesInProcess(ForkedBooter.java:456)
at org.apache.maven.surefire.booter.ForkedBooter.execute(ForkedBooter.java:169)
at org.apache.maven.surefire.booter.ForkedBooter.run(ForkedBooter.java:595)
at org.apache.maven.surefire.booter.ForkedBooter.main(ForkedBooter.java:581)
]]>
            </full-stacktrace>
          </exception> <!-- java.lang.AssertionError -->
          <reporter-output>
          </reporter-output>
        </test-method> <!-- testSignatureUpload -->
        <test-method is-config="true" signature="quitDriver()[pri:0, instance:Demo.Invoify.tests.test_SummaryPage@b9b00e0]" started-at="2025-01-07T06:12:23Z" name="quitDriver" finished-at="2025-01-07T06:12:23Z" duration-ms="197" status="PASS">
          <reporter-output>
          </reporter-output>
        </test-method> <!-- quitDriver -->
      </class> <!-- Demo.Invoify.tests.test_SummaryPage -->
      <class name="Demo.Invoify.tests.test_InvoiceDetail">
        <test-method is-config="true" signature="initiateDriver()[pri:0, instance:Demo.Invoify.tests.test_InvoiceDetail@6bd61f98]" started-at="2025-01-07T06:10:49Z" name="initiateDriver" finished-at="2025-01-07T06:10:56Z" duration-ms="7354" status="PASS">
          <reporter-output>
          </reporter-output>
        </test-method> <!-- initiateDriver -->
        <test-method signature="testLogoIsDisplayedInPreview()[pri:1, instance:Demo.Invoify.tests.test_InvoiceDetail@6bd61f98]" started-at="2025-01-07T06:10:56Z" name="testLogoIsDisplayedInPreview" finished-at="2025-01-07T06:11:07Z" duration-ms="10595" status="PASS">
          <reporter-output>
          </reporter-output>
        </test-method> <!-- testLogoIsDisplayedInPreview -->
        <test-method is-config="true" signature="setMethod(java.lang.reflect.Method)[pri:0, instance:Demo.Invoify.tests.test_InvoiceDetail@6bd61f98]" started-at="2025-01-07T06:10:56Z" name="setMethod" finished-at="2025-01-07T06:10:56Z" duration-ms="0" status="PASS">
          <params>
            <param index="0">
              <value>
                <![CDATA[public void Demo.Invoify.tests.test_InvoiceDetail.testLogoIsDisplayedInPreview() throws java.io.IOException]]>
              </value>
            </param>
          </params>
          <reporter-output>
          </reporter-output>
        </test-method> <!-- setMethod -->
        <test-method is-config="true" signature="setMethod(java.lang.reflect.Method)[pri:0, instance:Demo.Invoify.tests.test_InvoiceDetail@6bd61f98]" started-at="2025-01-07T06:11:47Z" name="setMethod" finished-at="2025-01-07T06:11:47Z" duration-ms="1" status="PASS">
          <params>
            <param index="0">
              <value>
                <![CDATA[public void Demo.Invoify.tests.test_InvoiceDetail.testAmountCurrencyChangesCorrectly() throws java.io.IOException]]>
              </value>
            </param>
          </params>
          <reporter-output>
          </reporter-output>
        </test-method> <!-- setMethod -->
        <test-method signature="testAmountCurrencyChangesCorrectly()[pri:2, instance:Demo.Invoify.tests.test_InvoiceDetail@6bd61f98]" started-at="2025-01-07T06:11:47Z" name="testAmountCurrencyChangesCorrectly" finished-at="2025-01-07T06:11:48Z" duration-ms="552" status="PASS">
          <reporter-output>
          </reporter-output>
        </test-method> <!-- testAmountCurrencyChangesCorrectly -->
        <test-method is-config="true" signature="quitDriver()[pri:0, instance:Demo.Invoify.tests.test_InvoiceDetail@6bd61f98]" started-at="2025-01-07T06:11:48Z" name="quitDriver" finished-at="2025-01-07T06:11:48Z" duration-ms="249" status="PASS">
          <reporter-output>
          </reporter-output>
        </test-method> <!-- quitDriver -->
      </class> <!-- Demo.Invoify.tests.test_InvoiceDetail -->
      <class name="Demo.Invoify.tests.test_PaymentInfo">
        <test-method is-config="true" signature="initiateDriver()[pri:0, instance:Demo.Invoify.tests.test_PaymentInfo@13fd2ccd]" started-at="2025-01-07T06:11:14Z" name="initiateDriver" finished-at="2025-01-07T06:11:21Z" duration-ms="7095" status="PASS">
          <reporter-output>
          </reporter-output>
        </test-method> <!-- initiateDriver -->
        <test-method is-config="true" signature="setMethod(java.lang.reflect.Method)[pri:0, instance:Demo.Invoify.tests.test_PaymentInfo@13fd2ccd]" started-at="2025-01-07T06:11:21Z" name="setMethod" finished-at="2025-01-07T06:11:21Z" duration-ms="12" status="PASS">
          <params>
            <param index="0">
              <value>
                <![CDATA[public void Demo.Invoify.tests.test_PaymentInfo.testBankDetailsAreEntered() throws java.io.IOException]]>
              </value>
            </param>
          </params>
          <reporter-output>
          </reporter-output>
        </test-method> <!-- setMethod -->
        <test-method signature="testBankDetailsAreEntered()[pri:1, instance:Demo.Invoify.tests.test_PaymentInfo@13fd2ccd]" started-at="2025-01-07T06:11:21Z" name="testBankDetailsAreEntered" finished-at="2025-01-07T06:11:21Z" duration-ms="633" status="PASS">
          <reporter-output>
          </reporter-output>
        </test-method> <!-- testBankDetailsAreEntered -->
        <test-method is-config="true" signature="quitDriver()[pri:0, instance:Demo.Invoify.tests.test_PaymentInfo@13fd2ccd]" started-at="2025-01-07T06:11:21Z" name="quitDriver" finished-at="2025-01-07T06:11:22Z" duration-ms="161" status="PASS">
          <reporter-output>
          </reporter-output>
        </test-method> <!-- quitDriver -->
      </class> <!-- Demo.Invoify.tests.test_PaymentInfo -->
      <class name="Demo.Invoify.tests.test_PreviewPage">
        <test-method is-config="true" signature="initiateDriver()[pri:0, instance:Demo.Invoify.tests.test_PreviewPage@506ae4d4]" started-at="2025-01-07T06:11:28Z" name="initiateDriver" finished-at="2025-01-07T06:11:34Z" duration-ms="6189" status="PASS">
          <reporter-output>
          </reporter-output>
        </test-method> <!-- initiateDriver -->
        <test-method is-config="true" signature="setMethod(java.lang.reflect.Method)[pri:0, instance:Demo.Invoify.tests.test_PreviewPage@506ae4d4]" started-at="2025-01-07T06:11:34Z" name="setMethod" finished-at="2025-01-07T06:11:34Z" duration-ms="13" status="PASS">
          <params>
            <param index="0">
              <value>
                <![CDATA[public void Demo.Invoify.tests.test_PreviewPage.testInvoiceSaving() throws java.io.IOException]]>
              </value>
            </param>
          </params>
          <reporter-output>
          </reporter-output>
        </test-method> <!-- setMethod -->
        <test-method signature="testInvoiceSaving()[pri:1, instance:Demo.Invoify.tests.test_PreviewPage@506ae4d4]" started-at="2025-01-07T06:11:34Z" name="testInvoiceSaving" finished-at="2025-01-07T06:11:47Z" duration-ms="12467" status="FAIL">
          <exception class="java.lang.AssertionError">
            <message>
              <![CDATA[expected [true] but found [false]]]>
            </message>
            <full-stacktrace>
              <![CDATA[java.lang.AssertionError: expected [true] but found [false]
at org.testng.Assert.fail(Assert.java:96)
at org.testng.Assert.failNotEquals(Assert.java:776)
at org.testng.Assert.assertTrue(Assert.java:44)
at org.testng.Assert.assertTrue(Assert.java:54)
at Demo.Invoify.tests.test_PreviewPage.testInvoiceSaving(test_PreviewPage.java:32)
at java.base/jdk.internal.reflect.DirectMethodHandleAccessor.invoke(DirectMethodHandleAccessor.java:103)
at java.base/java.lang.reflect.Method.invoke(Method.java:580)
at org.testng.internal.MethodInvocationHelper.invokeMethod(MethodInvocationHelper.java:124)
at org.testng.internal.Invoker.invokeMethod(Invoker.java:583)
at org.testng.internal.Invoker.invokeTestMethod(Invoker.java:719)
at org.testng.internal.Invoker.invokeTestMethods(Invoker.java:989)
at org.testng.internal.TestMethodWorker.invokeTestMethods(TestMethodWorker.java:125)
at org.testng.internal.TestMethodWorker.run(TestMethodWorker.java:109)
at org.testng.TestRunner.privateRun(TestRunner.java:648)
at org.testng.TestRunner.run(TestRunner.java:505)
at org.testng.SuiteRunner.runTest(SuiteRunner.java:455)
at org.testng.SuiteRunner.runSequentially(SuiteRunner.java:450)
at org.testng.SuiteRunner.privateRun(SuiteRunner.java:415)
at org.testng.SuiteRunner.run(SuiteRunner.java:364)
at org.testng.SuiteRunnerWorker.runSuite(SuiteRunnerWorker.java:52)
at org.testng.SuiteRunnerWorker.run(SuiteRunnerWorker.java:84)
at org.testng.TestNG.runSuitesSequentially(TestNG.java:1208)
at org.testng.TestNG.runSuitesLocally(TestNG.java:1137)
at org.testng.TestNG.runSuites(TestNG.java:1049)
at org.testng.TestNG.run(TestNG.java:1017)
at org.apache.maven.surefire.testng.TestNGExecutor.run(TestNGExecutor.java:324)
at org.apache.maven.surefire.testng.TestNGXmlTestSuite.execute(TestNGXmlTestSuite.java:74)
at org.apache.maven.surefire.testng.TestNGProvider.invoke(TestNGProvider.java:123)
at org.apache.maven.surefire.booter.ForkedBooter.runSuitesInProcess(ForkedBooter.java:456)
at org.apache.maven.surefire.booter.ForkedBooter.execute(ForkedBooter.java:169)
at org.apache.maven.surefire.booter.ForkedBooter.run(ForkedBooter.java:595)
at org.apache.maven.surefire.booter.ForkedBooter.main(ForkedBooter.java:581)
]]>
            </full-stacktrace>
          </exception> <!-- java.lang.AssertionError -->
          <reporter-output>
          </reporter-output>
        </test-method> <!-- testInvoiceSaving -->
        <test-method is-config="true" signature="setMethod(java.lang.reflect.Method)[pri:0, instance:Demo.Invoify.tests.test_PreviewPage@506ae4d4]" started-at="2025-01-07T06:12:20Z" name="setMethod" finished-at="2025-01-07T06:12:20Z" duration-ms="1" status="PASS">
          <params>
            <param index="0">
              <value>
                <![CDATA[public void Demo.Invoify.tests.test_PreviewPage.testGeneratingNewInvoice() throws java.io.IOException]]>
              </value>
            </param>
          </params>
          <reporter-output>
          </reporter-output>
        </test-method> <!-- setMethod -->
        <test-method signature="testGeneratingNewInvoice()[pri:2, instance:Demo.Invoify.tests.test_PreviewPage@506ae4d4]" started-at="2025-01-07T06:12:20Z" name="testGeneratingNewInvoice" finished-at="2025-01-07T06:12:21Z" duration-ms="1077" status="FAIL">
          <exception class="org.openqa.selenium.ElementClickInterceptedException">
            <message>
              <![CDATA[element click intercepted: Element <button class="items-center justify-center rounded-md text-sm font-medium ring-offset-background transition-colors focus-visible:outline-none focus-visible:ring-2 focus-visible:ring-ring focus-visible:ring-offset-2 disabled:pointer-events-none disabled:opacity-50 border border-input bg-background hover:bg-accent hover:text-accent-foreground h-10 px-4 py-2 flex gap-2" type="button" data-state="closed">...</button> is not clickable at point (1004, 323). Other element would receive the click: <div data-state="open" class="fixed inset-0 z-50 bg-background/80 backdrop-blur-sm data-[state=open]:animate-in data-[state=closed]:animate-out data-[state=closed]:fade-out-0 data-[state=open]:fade-in-0" data-aria-hidden="true" aria-hidden="true" style="pointer-events: auto;"></div>
  (Session info: chrome=131.0.6778.205)
Build info: version: '4.13.0', revision: 'ba948ece5b*'
System info: os.name: 'Mac OS X', os.arch: 'aarch64', os.version: '15.0.1', java.version: '21'
Driver info: org.openqa.selenium.chrome.ChromeDriver
Command: [4355f61d2e85668651281a7809274a8e, clickElement {id=f.500477D710E9F5FD31547CEAFF0605B2.d.DF62CB06D37E3686FCB756271C29A2FE.e.40}]
Capabilities {acceptInsecureCerts: false, browserName: chrome, browserVersion: 131.0.6778.205, chrome: {chromedriverVersion: 131.0.6778.204 (52183f9e99a..., userDataDir: /var/folders/zr/v2p23ft14w9...}, fedcm:accounts: true, goog:chromeOptions: {debuggerAddress: localhost:58425}, networkConnectionEnabled: false, pageLoadStrategy: normal, platformName: mac, proxy: Proxy(), se:cdp: ws://localhost:58425/devtoo..., se:cdpVersion: 131.0.6778.205, setWindowRect: true, strictFileInteractability: false, timeouts: {implicit: 0, pageLoad: 300000, script: 30000}, unhandledPromptBehavior: dismiss and notify, webauthn:extension:credBlob: true, webauthn:extension:largeBlob: true, webauthn:extension:minPinLength: true, webauthn:extension:prf: true, webauthn:virtualAuthenticators: true}
Element: [[ChromeDriver: chrome on mac (4355f61d2e85668651281a7809274a8e)] -> xpath: //button[text()='New Invoice']]
Session ID: 4355f61d2e85668651281a7809274a8e]]>
            </message>
            <full-stacktrace>
              <![CDATA[org.openqa.selenium.ElementClickInterceptedException: element click intercepted: Element <button class="items-center justify-center rounded-md text-sm font-medium ring-offset-background transition-colors focus-visible:outline-none focus-visible:ring-2 focus-visible:ring-ring focus-visible:ring-offset-2 disabled:pointer-events-none disabled:opacity-50 border border-input bg-background hover:bg-accent hover:text-accent-foreground h-10 px-4 py-2 flex gap-2" type="button" data-state="closed">...</button> is not clickable at point (1004, 323). Other element would receive the click: <div data-state="open" class="fixed inset-0 z-50 bg-background/80 backdrop-blur-sm data-[state=open]:animate-in data-[state=closed]:animate-out data-[state=closed]:fade-out-0 data-[state=open]:fade-in-0" data-aria-hidden="true" aria-hidden="true" style="pointer-events: auto;"></div>
  (Session info: chrome=131.0.6778.205)
Build info: version: '4.13.0', revision: 'ba948ece5b*'
System info: os.name: 'Mac OS X', os.arch: 'aarch64', os.version: '15.0.1', java.version: '21'
Driver info: org.openqa.selenium.chrome.ChromeDriver
Command: [4355f61d2e85668651281a7809274a8e, clickElement {id=f.500477D710E9F5FD31547CEAFF0605B2.d.DF62CB06D37E3686FCB756271C29A2FE.e.40}]
Capabilities {acceptInsecureCerts: false, browserName: chrome, browserVersion: 131.0.6778.205, chrome: {chromedriverVersion: 131.0.6778.204 (52183f9e99a..., userDataDir: /var/folders/zr/v2p23ft14w9...}, fedcm:accounts: true, goog:chromeOptions: {debuggerAddress: localhost:58425}, networkConnectionEnabled: false, pageLoadStrategy: normal, platformName: mac, proxy: Proxy(), se:cdp: ws://localhost:58425/devtoo..., se:cdpVersion: 131.0.6778.205, setWindowRect: true, strictFileInteractability: false, timeouts: {implicit: 0, pageLoad: 300000, script: 30000}, unhandledPromptBehavior: dismiss and notify, webauthn:extension:credBlob: true, webauthn:extension:largeBlob: true, webauthn:extension:minPinLength: true, webauthn:extension:prf: true, webauthn:virtualAuthenticators: true}
Element: [[ChromeDriver: chrome on mac (4355f61d2e85668651281a7809274a8e)] -> xpath: //button[text()='New Invoice']]
Session ID: 4355f61d2e85668651281a7809274a8e
at java.base/jdk.internal.reflect.DirectConstructorHandleAccessor.newInstance(DirectConstructorHandleAccessor.java:62)
at java.base/java.lang.reflect.Constructor.newInstanceWithCaller(Constructor.java:502)
at java.base/java.lang.reflect.Constructor.newInstance(Constructor.java:486)
at org.openqa.selenium.remote.codec.w3c.W3CHttpResponseCodec.createException(W3CHttpResponseCodec.java:200)
at org.openqa.selenium.remote.codec.w3c.W3CHttpResponseCodec.decode(W3CHttpResponseCodec.java:133)
at org.openqa.selenium.remote.codec.w3c.W3CHttpResponseCodec.decode(W3CHttpResponseCodec.java:52)
at org.openqa.selenium.remote.HttpCommandExecutor.execute(HttpCommandExecutor.java:191)
at org.openqa.selenium.remote.service.DriverCommandExecutor.invokeExecute(DriverCommandExecutor.java:196)
at org.openqa.selenium.remote.service.DriverCommandExecutor.execute(DriverCommandExecutor.java:171)
at org.openqa.selenium.remote.RemoteWebDriver.execute(RemoteWebDriver.java:602)
at org.openqa.selenium.remote.RemoteWebElement.execute(RemoteWebElement.java:224)
at org.openqa.selenium.remote.RemoteWebElement.click(RemoteWebElement.java:77)
at java.base/jdk.internal.reflect.DirectMethodHandleAccessor.invoke(DirectMethodHandleAccessor.java:103)
at java.base/java.lang.reflect.Method.invoke(Method.java:580)
at org.openqa.selenium.support.pagefactory.internal.LocatingElementHandler.invoke(LocatingElementHandler.java:51)
at jdk.proxy2/jdk.proxy2.$Proxy19.click(Unknown Source)
at Demo.Invoify.Pages.actionAndPreviewPage.addNewInvoice(actionAndPreviewPage.java:170)
at Demo.Invoify.tests.test_PreviewPage.testGeneratingNewInvoice(test_PreviewPage.java:39)
at java.base/jdk.internal.reflect.DirectMethodHandleAccessor.invoke(DirectMethodHandleAccessor.java:103)
at java.base/java.lang.reflect.Method.invoke(Method.java:580)
at org.testng.internal.MethodInvocationHelper.invokeMethod(MethodInvocationHelper.java:124)
at org.testng.internal.Invoker.invokeMethod(Invoker.java:583)
at org.testng.internal.Invoker.invokeTestMethod(Invoker.java:719)
at org.testng.internal.Invoker.invokeTestMethods(Invoker.java:989)
at org.testng.internal.TestMethodWorker.invokeTestMethods(TestMethodWorker.java:125)
at org.testng.internal.TestMethodWorker.run(TestMethodWorker.java:109)
at org.testng.TestRunner.privateRun(TestRunner.java:648)
at org.testng.TestRunner.run(TestRunner.java:505)
at org.testng.SuiteRunner.runTest(SuiteRunner.java:455)
at org.testng.SuiteRunner.runSequentially(SuiteRunner.java:450)
at org.testng.SuiteRunner.privateRun(SuiteRunner.java:415)
at org.testng.SuiteRunner.run(SuiteRunner.java:364)
at org.testng.SuiteRunnerWorker.runSuite(SuiteRunnerWorker.java:52)
at org.testng.SuiteRunnerWorker.run(SuiteRunnerWorker.java:84)
at org.testng.TestNG.runSuitesSequentially(TestNG.java:1208)
at org.testng.TestNG.runSuitesLocally(TestNG.java:1137)
at org.testng.TestNG.runSuites(TestNG.java:1049)
at org.testng.TestNG.run(TestNG.java:1017)
at org.apache.maven.surefire.testng.TestNGExecutor.run(TestNGExecutor.java:324)
at org.apache.maven.surefire.testng.TestNGXmlTestSuite.execute(TestNGXmlTestSuite.java:74)
at org.apache.maven.surefire.testng.TestNGProvider.invoke(TestNGProvider.java:123)
at org.apache.maven.surefire.booter.ForkedBooter.runSuitesInProcess(ForkedBooter.java:456)
at org.apache.maven.surefire.booter.ForkedBooter.execute(ForkedBooter.java:169)
at org.apache.maven.surefire.booter.ForkedBooter.run(ForkedBooter.java:595)
at org.apache.maven.surefire.booter.ForkedBooter.main(ForkedBooter.java:581)
]]>
            </full-stacktrace>
          </exception> <!-- org.openqa.selenium.ElementClickInterceptedException -->
          <reporter-output>
          </reporter-output>
        </test-method> <!-- testGeneratingNewInvoice -->
        <test-method is-config="true" signature="setMethod(java.lang.reflect.Method)[pri:0, instance:Demo.Invoify.tests.test_PreviewPage@506ae4d4]" started-at="2025-01-07T06:12:23Z" name="setMethod" finished-at="2025-01-07T06:12:23Z" duration-ms="1" status="PASS">
          <params>
            <param index="0">
              <value>
                <![CDATA[public void Demo.Invoify.tests.test_PreviewPage.testLoadingInvoiceFromDevice() throws java.io.IOException]]>
              </value>
            </param>
          </params>
          <reporter-output>
          </reporter-output>
        </test-method> <!-- setMethod -->
        <test-method signature="testLoadingInvoiceFromDevice()[pri:3, instance:Demo.Invoify.tests.test_PreviewPage@506ae4d4]" started-at="2025-01-07T06:12:23Z" name="testLoadingInvoiceFromDevice" finished-at="2025-01-07T06:12:24Z" duration-ms="1119" status="FAIL">
          <exception class="org.openqa.selenium.ElementClickInterceptedException">
            <message>
              <![CDATA[element click intercepted: Element <button class="items-center justify-center rounded-md text-sm font-medium ring-offset-background transition-colors focus-visible:outline-none focus-visible:ring-2 focus-visible:ring-ring focus-visible:ring-offset-2 disabled:pointer-events-none disabled:opacity-50 border border-input bg-background hover:bg-accent hover:text-accent-foreground h-10 px-4 py-2 flex gap-2" type="button" aria-haspopup="dialog" aria-expanded="true" aria-controls="radix-:R5lb5amkq:" data-state="open">...</button> is not clickable at point (1003, 275). Other element would receive the click: <div data-state="open" class="fixed inset-0 z-50 bg-background/80 backdrop-blur-sm data-[state=open]:animate-in data-[state=closed]:animate-out data-[state=closed]:fade-out-0 data-[state=open]:fade-in-0" data-aria-hidden="true" aria-hidden="true" style="pointer-events: auto;"></div>
  (Session info: chrome=131.0.6778.205)
Build info: version: '4.13.0', revision: 'ba948ece5b*'
System info: os.name: 'Mac OS X', os.arch: 'aarch64', os.version: '15.0.1', java.version: '21'
Driver info: org.openqa.selenium.chrome.ChromeDriver
Command: [4355f61d2e85668651281a7809274a8e, clickElement {id=f.500477D710E9F5FD31547CEAFF0605B2.d.DF62CB06D37E3686FCB756271C29A2FE.e.50}]
Capabilities {acceptInsecureCerts: false, browserName: chrome, browserVersion: 131.0.6778.205, chrome: {chromedriverVersion: 131.0.6778.204 (52183f9e99a..., userDataDir: /var/folders/zr/v2p23ft14w9...}, fedcm:accounts: true, goog:chromeOptions: {debuggerAddress: localhost:58425}, networkConnectionEnabled: false, pageLoadStrategy: normal, platformName: mac, proxy: Proxy(), se:cdp: ws://localhost:58425/devtoo..., se:cdpVersion: 131.0.6778.205, setWindowRect: true, strictFileInteractability: false, timeouts: {implicit: 0, pageLoad: 300000, script: 30000}, unhandledPromptBehavior: dismiss and notify, webauthn:extension:credBlob: true, webauthn:extension:largeBlob: true, webauthn:extension:minPinLength: true, webauthn:extension:prf: true, webauthn:virtualAuthenticators: true}
Element: [[ChromeDriver: chrome on mac (4355f61d2e85668651281a7809274a8e)] -> xpath: //button[text()='Load Invoice']]
Session ID: 4355f61d2e85668651281a7809274a8e]]>
            </message>
            <full-stacktrace>
              <![CDATA[org.openqa.selenium.ElementClickInterceptedException: element click intercepted: Element <button class="items-center justify-center rounded-md text-sm font-medium ring-offset-background transition-colors focus-visible:outline-none focus-visible:ring-2 focus-visible:ring-ring focus-visible:ring-offset-2 disabled:pointer-events-none disabled:opacity-50 border border-input bg-background hover:bg-accent hover:text-accent-foreground h-10 px-4 py-2 flex gap-2" type="button" aria-haspopup="dialog" aria-expanded="true" aria-controls="radix-:R5lb5amkq:" data-state="open">...</button> is not clickable at point (1003, 275). Other element would receive the click: <div data-state="open" class="fixed inset-0 z-50 bg-background/80 backdrop-blur-sm data-[state=open]:animate-in data-[state=closed]:animate-out data-[state=closed]:fade-out-0 data-[state=open]:fade-in-0" data-aria-hidden="true" aria-hidden="true" style="pointer-events: auto;"></div>
  (Session info: chrome=131.0.6778.205)
Build info: version: '4.13.0', revision: 'ba948ece5b*'
System info: os.name: 'Mac OS X', os.arch: 'aarch64', os.version: '15.0.1', java.version: '21'
Driver info: org.openqa.selenium.chrome.ChromeDriver
Command: [4355f61d2e85668651281a7809274a8e, clickElement {id=f.500477D710E9F5FD31547CEAFF0605B2.d.DF62CB06D37E3686FCB756271C29A2FE.e.50}]
Capabilities {acceptInsecureCerts: false, browserName: chrome, browserVersion: 131.0.6778.205, chrome: {chromedriverVersion: 131.0.6778.204 (52183f9e99a..., userDataDir: /var/folders/zr/v2p23ft14w9...}, fedcm:accounts: true, goog:chromeOptions: {debuggerAddress: localhost:58425}, networkConnectionEnabled: false, pageLoadStrategy: normal, platformName: mac, proxy: Proxy(), se:cdp: ws://localhost:58425/devtoo..., se:cdpVersion: 131.0.6778.205, setWindowRect: true, strictFileInteractability: false, timeouts: {implicit: 0, pageLoad: 300000, script: 30000}, unhandledPromptBehavior: dismiss and notify, webauthn:extension:credBlob: true, webauthn:extension:largeBlob: true, webauthn:extension:minPinLength: true, webauthn:extension:prf: true, webauthn:virtualAuthenticators: true}
Element: [[ChromeDriver: chrome on mac (4355f61d2e85668651281a7809274a8e)] -> xpath: //button[text()='Load Invoice']]
Session ID: 4355f61d2e85668651281a7809274a8e
at java.base/jdk.internal.reflect.DirectConstructorHandleAccessor.newInstance(DirectConstructorHandleAccessor.java:62)
at java.base/java.lang.reflect.Constructor.newInstanceWithCaller(Constructor.java:502)
at java.base/java.lang.reflect.Constructor.newInstance(Constructor.java:486)
at org.openqa.selenium.remote.codec.w3c.W3CHttpResponseCodec.createException(W3CHttpResponseCodec.java:200)
at org.openqa.selenium.remote.codec.w3c.W3CHttpResponseCodec.decode(W3CHttpResponseCodec.java:133)
at org.openqa.selenium.remote.codec.w3c.W3CHttpResponseCodec.decode(W3CHttpResponseCodec.java:52)
at org.openqa.selenium.remote.HttpCommandExecutor.execute(HttpCommandExecutor.java:191)
at org.openqa.selenium.remote.service.DriverCommandExecutor.invokeExecute(DriverCommandExecutor.java:196)
at org.openqa.selenium.remote.service.DriverCommandExecutor.execute(DriverCommandExecutor.java:171)
at org.openqa.selenium.remote.RemoteWebDriver.execute(RemoteWebDriver.java:602)
at org.openqa.selenium.remote.RemoteWebElement.execute(RemoteWebElement.java:224)
at org.openqa.selenium.remote.RemoteWebElement.click(RemoteWebElement.java:77)
at java.base/jdk.internal.reflect.DirectMethodHandleAccessor.invoke(DirectMethodHandleAccessor.java:103)
at java.base/java.lang.reflect.Method.invoke(Method.java:580)
at org.openqa.selenium.support.pagefactory.internal.LocatingElementHandler.invoke(LocatingElementHandler.java:51)
at jdk.proxy2/jdk.proxy2.$Proxy19.click(Unknown Source)
at Demo.Invoify.Pages.actionAndPreviewPage.loadInvoice(actionAndPreviewPage.java:175)
at Demo.Invoify.Pages.actionAndPreviewPage.loadInvoiceFromDevice(actionAndPreviewPage.java:210)
at Demo.Invoify.tests.test_PreviewPage.testLoadingInvoiceFromDevice(test_PreviewPage.java:46)
at java.base/jdk.internal.reflect.DirectMethodHandleAccessor.invoke(DirectMethodHandleAccessor.java:103)
at java.base/java.lang.reflect.Method.invoke(Method.java:580)
at org.testng.internal.MethodInvocationHelper.invokeMethod(MethodInvocationHelper.java:124)
at org.testng.internal.Invoker.invokeMethod(Invoker.java:583)
at org.testng.internal.Invoker.invokeTestMethod(Invoker.java:719)
at org.testng.internal.Invoker.invokeTestMethods(Invoker.java:989)
at org.testng.internal.TestMethodWorker.invokeTestMethods(TestMethodWorker.java:125)
at org.testng.internal.TestMethodWorker.run(TestMethodWorker.java:109)
at org.testng.TestRunner.privateRun(TestRunner.java:648)
at org.testng.TestRunner.run(TestRunner.java:505)
at org.testng.SuiteRunner.runTest(SuiteRunner.java:455)
at org.testng.SuiteRunner.runSequentially(SuiteRunner.java:450)
at org.testng.SuiteRunner.privateRun(SuiteRunner.java:415)
at org.testng.SuiteRunner.run(SuiteRunner.java:364)
at org.testng.SuiteRunnerWorker.runSuite(SuiteRunnerWorker.java:52)
at org.testng.SuiteRunnerWorker.run(SuiteRunnerWorker.java:84)
at org.testng.TestNG.runSuitesSequentially(TestNG.java:1208)
at org.testng.TestNG.runSuitesLocally(TestNG.java:1137)
at org.testng.TestNG.runSuites(TestNG.java:1049)
at org.testng.TestNG.run(TestNG.java:1017)
at org.apache.maven.surefire.testng.TestNGExecutor.run(TestNGExecutor.java:324)
at org.apache.maven.surefire.testng.TestNGXmlTestSuite.execute(TestNGXmlTestSuite.java:74)
at org.apache.maven.surefire.testng.TestNGProvider.invoke(TestNGProvider.java:123)
at org.apache.maven.surefire.booter.ForkedBooter.runSuitesInProcess(ForkedBooter.java:456)
at org.apache.maven.surefire.booter.ForkedBooter.execute(ForkedBooter.java:169)
at org.apache.maven.surefire.booter.ForkedBooter.run(ForkedBooter.java:595)
at org.apache.maven.surefire.booter.ForkedBooter.main(ForkedBooter.java:581)
]]>
            </full-stacktrace>
          </exception> <!-- org.openqa.selenium.ElementClickInterceptedException -->
          <reporter-output>
          </reporter-output>
        </test-method> <!-- testLoadingInvoiceFromDevice -->
        <test-method signature="testSendingGeneratedPdfViaMail()[pri:4, instance:Demo.Invoify.tests.test_PreviewPage@506ae4d4]" started-at="2025-01-07T06:12:24Z" name="testSendingGeneratedPdfViaMail" finished-at="2025-01-07T06:12:25Z" duration-ms="1155" status="FAIL">
          <exception class="org.openqa.selenium.ElementClickInterceptedException">
            <message>
              <![CDATA[element click intercepted: Element <button class="items-center justify-center rounded-md text-sm font-medium ring-offset-background transition-colors focus-visible:outline-none focus-visible:ring-2 focus-visible:ring-ring focus-visible:ring-offset-2 disabled:pointer-events-none disabled:opacity-50 bg-primary text-primary-foreground hover:bg-primary/90 h-10 px-4 py-2 flex gap-2" type="submit" data-state="closed">...</button> is not clickable at point (1163, 323). Other element would receive the click: <div data-state="open" class="fixed inset-0 z-50 bg-background/80 backdrop-blur-sm data-[state=open]:animate-in data-[state=closed]:animate-out data-[state=closed]:fade-out-0 data-[state=open]:fade-in-0" data-aria-hidden="true" aria-hidden="true" style="pointer-events: auto;"></div>
  (Session info: chrome=131.0.6778.205)
Build info: version: '4.13.0', revision: 'ba948ece5b*'
System info: os.name: 'Mac OS X', os.arch: 'aarch64', os.version: '15.0.1', java.version: '21'
Driver info: org.openqa.selenium.chrome.ChromeDriver
Command: [4355f61d2e85668651281a7809274a8e, clickElement {id=f.500477D710E9F5FD31547CEAFF0605B2.d.DF62CB06D37E3686FCB756271C29A2FE.e.38}]
Capabilities {acceptInsecureCerts: false, browserName: chrome, browserVersion: 131.0.6778.205, chrome: {chromedriverVersion: 131.0.6778.204 (52183f9e99a..., userDataDir: /var/folders/zr/v2p23ft14w9...}, fedcm:accounts: true, goog:chromeOptions: {debuggerAddress: localhost:58425}, networkConnectionEnabled: false, pageLoadStrategy: normal, platformName: mac, proxy: Proxy(), se:cdp: ws://localhost:58425/devtoo..., se:cdpVersion: 131.0.6778.205, setWindowRect: true, strictFileInteractability: false, timeouts: {implicit: 0, pageLoad: 300000, script: 30000}, unhandledPromptBehavior: dismiss and notify, webauthn:extension:credBlob: true, webauthn:extension:largeBlob: true, webauthn:extension:minPinLength: true, webauthn:extension:prf: true, webauthn:virtualAuthenticators: true}
Element: [[ChromeDriver: chrome on mac (4355f61d2e85668651281a7809274a8e)] -> xpath: //button[text()='Generate PDF']]
Session ID: 4355f61d2e85668651281a7809274a8e]]>
            </message>
            <full-stacktrace>
              <![CDATA[org.openqa.selenium.ElementClickInterceptedException: element click intercepted: Element <button class="items-center justify-center rounded-md text-sm font-medium ring-offset-background transition-colors focus-visible:outline-none focus-visible:ring-2 focus-visible:ring-ring focus-visible:ring-offset-2 disabled:pointer-events-none disabled:opacity-50 bg-primary text-primary-foreground hover:bg-primary/90 h-10 px-4 py-2 flex gap-2" type="submit" data-state="closed">...</button> is not clickable at point (1163, 323). Other element would receive the click: <div data-state="open" class="fixed inset-0 z-50 bg-background/80 backdrop-blur-sm data-[state=open]:animate-in data-[state=closed]:animate-out data-[state=closed]:fade-out-0 data-[state=open]:fade-in-0" data-aria-hidden="true" aria-hidden="true" style="pointer-events: auto;"></div>
  (Session info: chrome=131.0.6778.205)
Build info: version: '4.13.0', revision: 'ba948ece5b*'
System info: os.name: 'Mac OS X', os.arch: 'aarch64', os.version: '15.0.1', java.version: '21'
Driver info: org.openqa.selenium.chrome.ChromeDriver
Command: [4355f61d2e85668651281a7809274a8e, clickElement {id=f.500477D710E9F5FD31547CEAFF0605B2.d.DF62CB06D37E3686FCB756271C29A2FE.e.38}]
Capabilities {acceptInsecureCerts: false, browserName: chrome, browserVersion: 131.0.6778.205, chrome: {chromedriverVersion: 131.0.6778.204 (52183f9e99a..., userDataDir: /var/folders/zr/v2p23ft14w9...}, fedcm:accounts: true, goog:chromeOptions: {debuggerAddress: localhost:58425}, networkConnectionEnabled: false, pageLoadStrategy: normal, platformName: mac, proxy: Proxy(), se:cdp: ws://localhost:58425/devtoo..., se:cdpVersion: 131.0.6778.205, setWindowRect: true, strictFileInteractability: false, timeouts: {implicit: 0, pageLoad: 300000, script: 30000}, unhandledPromptBehavior: dismiss and notify, webauthn:extension:credBlob: true, webauthn:extension:largeBlob: true, webauthn:extension:minPinLength: true, webauthn:extension:prf: true, webauthn:virtualAuthenticators: true}
Element: [[ChromeDriver: chrome on mac (4355f61d2e85668651281a7809274a8e)] -> xpath: //button[text()='Generate PDF']]
Session ID: 4355f61d2e85668651281a7809274a8e
at java.base/jdk.internal.reflect.DirectConstructorHandleAccessor.newInstance(DirectConstructorHandleAccessor.java:62)
at java.base/java.lang.reflect.Constructor.newInstanceWithCaller(Constructor.java:502)
at java.base/java.lang.reflect.Constructor.newInstance(Constructor.java:486)
at org.openqa.selenium.remote.codec.w3c.W3CHttpResponseCodec.createException(W3CHttpResponseCodec.java:200)
at org.openqa.selenium.remote.codec.w3c.W3CHttpResponseCodec.decode(W3CHttpResponseCodec.java:133)
at org.openqa.selenium.remote.codec.w3c.W3CHttpResponseCodec.decode(W3CHttpResponseCodec.java:52)
at org.openqa.selenium.remote.HttpCommandExecutor.execute(HttpCommandExecutor.java:191)
at org.openqa.selenium.remote.service.DriverCommandExecutor.invokeExecute(DriverCommandExecutor.java:196)
at org.openqa.selenium.remote.service.DriverCommandExecutor.execute(DriverCommandExecutor.java:171)
at org.openqa.selenium.remote.RemoteWebDriver.execute(RemoteWebDriver.java:602)
at org.openqa.selenium.remote.RemoteWebElement.execute(RemoteWebElement.java:224)
at org.openqa.selenium.remote.RemoteWebElement.click(RemoteWebElement.java:77)
at java.base/jdk.internal.reflect.DirectMethodHandleAccessor.invoke(DirectMethodHandleAccessor.java:103)
at java.base/java.lang.reflect.Method.invoke(Method.java:580)
at org.openqa.selenium.support.pagefactory.internal.LocatingElementHandler.invoke(LocatingElementHandler.java:51)
at jdk.proxy2/jdk.proxy2.$Proxy19.click(Unknown Source)
at Demo.Invoify.Pages.actionAndPreviewPage.generatePDF(actionAndPreviewPage.java:161)
at Demo.Invoify.tests.test_PreviewPage.testSendingGeneratedPdfViaMail(test_PreviewPage.java:54)
at java.base/jdk.internal.reflect.DirectMethodHandleAccessor.invoke(DirectMethodHandleAccessor.java:103)
at java.base/java.lang.reflect.Method.invoke(Method.java:580)
at org.testng.internal.MethodInvocationHelper.invokeMethod(MethodInvocationHelper.java:124)
at org.testng.internal.Invoker.invokeMethod(Invoker.java:583)
at org.testng.internal.Invoker.invokeTestMethod(Invoker.java:719)
at org.testng.internal.Invoker.invokeTestMethods(Invoker.java:989)
at org.testng.internal.TestMethodWorker.invokeTestMethods(TestMethodWorker.java:125)
at org.testng.internal.TestMethodWorker.run(TestMethodWorker.java:109)
at org.testng.TestRunner.privateRun(TestRunner.java:648)
at org.testng.TestRunner.run(TestRunner.java:505)
at org.testng.SuiteRunner.runTest(SuiteRunner.java:455)
at org.testng.SuiteRunner.runSequentially(SuiteRunner.java:450)
at org.testng.SuiteRunner.privateRun(SuiteRunner.java:415)
at org.testng.SuiteRunner.run(SuiteRunner.java:364)
at org.testng.SuiteRunnerWorker.runSuite(SuiteRunnerWorker.java:52)
at org.testng.SuiteRunnerWorker.run(SuiteRunnerWorker.java:84)
at org.testng.TestNG.runSuitesSequentially(TestNG.java:1208)
at org.testng.TestNG.runSuitesLocally(TestNG.java:1137)
at org.testng.TestNG.runSuites(TestNG.java:1049)
at org.testng.TestNG.run(TestNG.java:1017)
at org.apache.maven.surefire.testng.TestNGExecutor.run(TestNGExecutor.java:324)
at org.apache.maven.surefire.testng.TestNGXmlTestSuite.execute(TestNGXmlTestSuite.java:74)
at org.apache.maven.surefire.testng.TestNGProvider.invoke(TestNGProvider.java:123)
at org.apache.maven.surefire.booter.ForkedBooter.runSuitesInProcess(ForkedBooter.java:456)
at org.apache.maven.surefire.booter.ForkedBooter.execute(ForkedBooter.java:169)
at org.apache.maven.surefire.booter.ForkedBooter.run(ForkedBooter.java:595)
at org.apache.maven.surefire.booter.ForkedBooter.main(ForkedBooter.java:581)
]]>
            </full-stacktrace>
          </exception> <!-- org.openqa.selenium.ElementClickInterceptedException -->
          <reporter-output>
          </reporter-output>
        </test-method> <!-- testSendingGeneratedPdfViaMail -->
        <test-method is-config="true" signature="setMethod(java.lang.reflect.Method)[pri:0, instance:Demo.Invoify.tests.test_PreviewPage@506ae4d4]" started-at="2025-01-07T06:12:24Z" name="setMethod" finished-at="2025-01-07T06:12:24Z" duration-ms="0" status="PASS">
          <params>
            <param index="0">
              <value>
                <![CDATA[public void Demo.Invoify.tests.test_PreviewPage.testSendingGeneratedPdfViaMail() throws java.io.IOException]]>
              </value>
            </param>
          </params>
          <reporter-output>
          </reporter-output>
        </test-method> <!-- setMethod -->
        <test-method is-config="true" signature="quitDriver()[pri:0, instance:Demo.Invoify.tests.test_PreviewPage@506ae4d4]" started-at="2025-01-07T06:12:25Z" name="quitDriver" finished-at="2025-01-07T06:12:25Z" duration-ms="250" status="PASS">
          <reporter-output>
          </reporter-output>
        </test-method> <!-- quitDriver -->
      </class> <!-- Demo.Invoify.tests.test_PreviewPage -->
    </test> <!-- Test -->
  </suite> <!-- Suite -->
</testng-results>
