<!DOCTYPE html PUBLIC "-//W3C//DTD XHTML 1.1//EN" "http://www.w3.org/TR/xhtml11/DTD/xhtml11.dtd">
<html xmlns="http://www.w3.org/1999/xhtml">
<head>
<meta http-equiv="content-type" content="text/html; charset=UTF-8"/>
<title>TestNG Report</title>
<style type="text/css">table {margin-bottom:10px;border-collapse:collapse;empty-cells:show}th,td {border:1px solid #009;padding:.25em .5em}th {vertical-align:bottom}td {vertical-align:top}table a {font-weight:bold}.stripe td {background-color: #E6EBF9}.num {text-align:right}.passedodd td {background-color: #3F3}.passedeven td {background-color: #0A0}.skippedodd td {background-color: #DDD}.skippedeven td {background-color: #CCC}.failedodd td,.attn {background-color: #F33}.failedeven td,.stripe .attn {background-color: #D00}.stacktrace {white-space:pre;font-family:monospace}.totop {font-size:85%;text-align:center;border-bottom:2px solid #000}.invisible {display:none}</style>
</head>
<body>
<table>
<tr><th>Test</th><th># Passed</th><th># Skipped</th><th># Failed</th><th>Time (ms)</th><th>Included Groups</th><th>Excluded Groups</th></tr>
<tr><th colspan="7">Suite</th></tr>
<tr><td><a href="#t0">UploadTest</a></td><td class="num">1</td><td class="num">0</td><td class="num attn">1</td><td class="num">155,965</td><td></td><td></td></tr>
<tr class="stripe"><td><a href="#t1">DataTest</a></td><td class="num">3</td><td class="num">0</td><td class="num">0</td><td class="num">200,520</td><td></td><td></td></tr>
<tr><td><a href="#t2">ActionTest</a></td><td class="num">1</td><td class="num attn">1</td><td class="num attn">1</td><td class="num">203,665</td><td></td><td></td></tr>
<tr><th>Total</th><th class="num">5</th><th class="num attn">1</th><th class="num attn">2</th><th class="num">560,150</th><th colspan="2"></th></tr>
</table>
<table id='summary'><thead><tr><th>Class</th><th>Method</th><th>Start</th><th>Time (ms)</th></tr></thead><tbody><tr><th colspan="4">Suite</th></tr></tbody><tbody id="t0"><tr><th colspan="4">UploadTest &#8212; failed</th></tr><tr class="failedeven"><td rowspan="1">Demo.Invoify.tests.verifyAttachmentUpload</td><td><a href="#m0">verifyBillAttachement</a></td><td rowspan="1">1736597255382</td><td rowspan="1">45125</td></tr><tr><th colspan="4">UploadTest &#8212; passed</th></tr><tr class="passedeven"><td rowspan="1">Demo.Invoify.tests.verifyAttachmentUpload</td><td><a href="#m1">testSignatureUpload</a></td><td rowspan="1">1736597182587</td><td rowspan="1">72651</td></tr></tbody>
<tbody id="t1"><tr><th colspan="4">DataTest &#8212; passed</th></tr><tr class="passedeven"><td rowspan="3">Demo.Invoify.tests.dataInputValidation</td><td><a href="#m2">testBankDetailsAreEntered</a></td><td rowspan="1">1736597182594</td><td rowspan="1">80178</td></tr><tr class="passedeven"><td><a href="#m3">testProperTotalCalculation</a></td><td rowspan="1">1736597262829</td><td rowspan="1">37528</td></tr><tr class="passedeven"><td><a href="#m4">testToggleButtonEnabling</a></td><td rowspan="1">1736597300366</td><td rowspan="1">45434</td></tr></tbody>
<tbody id="t2"><tr><th colspan="4">ActionTest &#8212; failed</th></tr><tr class="failedeven"><td rowspan="1">Demo.Invoify.tests.validatingInvoiceActions</td><td><a href="#m5">testInvoiceSaving</a></td><td rowspan="1">1736597293431</td><td rowspan="1">46308</td></tr><tr><th colspan="4">ActionTest &#8212; skipped</th></tr><tr class="skippedeven"><td rowspan="1">Demo.Invoify.tests.validatingInvoiceActions</td><td><a href="#m6">testInvoiceSaving</a></td><td rowspan="1">1736597182260</td><td rowspan="1">111147</td></tr><tr><th colspan="4">ActionTest &#8212; passed</th></tr><tr class="passedeven"><td rowspan="1">Demo.Invoify.tests.validatingInvoiceActions</td><td><a href="#m7">testNavigation</a></td><td rowspan="1">1736597340461</td><td rowspan="1">8562</td></tr></tbody>
</table>
<h2>UploadTest</h2><h3 id="m0">Demo.Invoify.tests.verifyAttachmentUpload#verifyBillAttachement</h3><table class="result"><tr><th>Exception</th></tr><tr><td><div class="stacktrace">java.lang.AssertionError: expected [false] but found [true]
	at Demo.Invoify.tests.verifyAttachmentUpload.verifyBillAttachement(verifyAttachmentUpload.java:25)
	at java.base/java.util.concurrent.FutureTask.run(FutureTask.java:264)
	at java.base/java.util.concurrent.ThreadPoolExecutor.runWorker(ThreadPoolExecutor.java:1136)
	at java.base/java.util.concurrent.ThreadPoolExecutor$Worker.run(ThreadPoolExecutor.java:635)
	at java.base/java.lang.Thread.run(Thread.java:833)
... Removed 20 stack frames</div></td></tr></table><p class="totop"><a href="#summary">back to summary</a></p>
<h3 id="m1">Demo.Invoify.tests.verifyAttachmentUpload#testSignatureUpload</h3><table class="result"><tr><th class="invisible"/></tr></table><p class="totop"><a href="#summary">back to summary</a></p>
<h2>DataTest</h2><h3 id="m2">Demo.Invoify.tests.dataInputValidation#testBankDetailsAreEntered</h3><table class="result"><tr><th class="invisible"/></tr></table><p class="totop"><a href="#summary">back to summary</a></p>
<h3 id="m3">Demo.Invoify.tests.dataInputValidation#testProperTotalCalculation</h3><table class="result"><tr><th class="invisible"/></tr></table><p class="totop"><a href="#summary">back to summary</a></p>
<h3 id="m4">Demo.Invoify.tests.dataInputValidation#testToggleButtonEnabling</h3><table class="result"><tr><th class="invisible"/></tr></table><p class="totop"><a href="#summary">back to summary</a></p>
<h2>ActionTest</h2><h3 id="m5">Demo.Invoify.tests.validatingInvoiceActions#testInvoiceSaving</h3><table class="result"><tr><th>Exception</th></tr><tr><td><div class="stacktrace">java.lang.AssertionError: expected [Your invoice has been generated!] but found [Error]
	at Demo.Invoify.tests.validatingInvoiceActions.testInvoiceSaving(validatingInvoiceActions.java:38)
	at java.base/java.util.concurrent.FutureTask.run(FutureTask.java:264)
	at java.base/java.util.concurrent.ThreadPoolExecutor.runWorker(ThreadPoolExecutor.java:1136)
	at java.base/java.util.concurrent.ThreadPoolExecutor$Worker.run(ThreadPoolExecutor.java:635)
	at java.base/java.lang.Thread.run(Thread.java:833)
... Removed 22 stack frames</div></td></tr></table><p class="totop"><a href="#summary">back to summary</a></p>
<h3 id="m6">Demo.Invoify.tests.validatingInvoiceActions#testInvoiceSaving</h3><table class="result"><tr><th>Exception</th></tr><tr><td><div class="stacktrace">org.openqa.selenium.NoSuchElementException: no such element: Unable to locate element: {&quot;method&quot;:&quot;xpath&quot;,&quot;selector&quot;:&quot;//div[@class=&apos;grid gap-1&apos;]/div[@class=&apos;text-sm font-semibold&apos;]&quot;}
  (Session info: chrome=131.0.6778.265)
For documentation on this error, please visit: https://www.selenium.dev/documentation/webdriver/troubleshooting/errors#no-such-element-exception
Build info: version: &apos;4.13.0&apos;, revision: &apos;ba948ece5b*&apos;
System info: os.name: &apos;Mac OS X&apos;, os.arch: &apos;x86_64&apos;, os.version: &apos;10.16&apos;, java.version: &apos;17.0.1&apos;
Driver info: org.openqa.selenium.chrome.ChromeDriver
Command: [0c3cac223a8045163987f9b370b12295, findElement {using=xpath, value=//div[@class=&apos;grid gap-1&apos;]/div[@class=&apos;text-sm font-semibold&apos;]}]
Capabilities {acceptInsecureCerts: false, browserName: chrome, browserVersion: 131.0.6778.265, chrome: {chromedriverVersion: 131.0.6778.264 (2d05e315153..., userDataDir: /var/folders/zr/v2p23ft14w9...}, fedcm:accounts: true, goog:chromeOptions: {debuggerAddress: localhost:54317}, networkConnectionEnabled: false, pageLoadStrategy: normal, platformName: mac, proxy: Proxy(), se:cdp: ws://localhost:54317/devtoo..., se:cdpVersion: 131.0.6778.265, setWindowRect: true, strictFileInteractability: false, timeouts: {implicit: 0, pageLoad: 300000, script: 30000}, unhandledPromptBehavior: dismiss and notify, webauthn:extension:credBlob: true, webauthn:extension:largeBlob: true, webauthn:extension:minPinLength: true, webauthn:extension:prf: true, webauthn:virtualAuthenticators: true}
Session ID: 0c3cac223a8045163987f9b370b12295
	at org.openqa.selenium.remote.codec.w3c.W3CHttpResponseCodec.createException(W3CHttpResponseCodec.java:200)
	at org.openqa.selenium.remote.codec.w3c.W3CHttpResponseCodec.decode(W3CHttpResponseCodec.java:133)
	at org.openqa.selenium.remote.codec.w3c.W3CHttpResponseCodec.decode(W3CHttpResponseCodec.java:52)
	at org.openqa.selenium.remote.HttpCommandExecutor.execute(HttpCommandExecutor.java:191)
	at org.openqa.selenium.remote.service.DriverCommandExecutor.invokeExecute(DriverCommandExecutor.java:196)
	at org.openqa.selenium.remote.service.DriverCommandExecutor.execute(DriverCommandExecutor.java:171)
	at org.openqa.selenium.remote.RemoteWebDriver.execute(RemoteWebDriver.java:602)
	at org.openqa.selenium.remote.ElementLocation$ElementFinder$2.findElement(ElementLocation.java:165)
	at org.openqa.selenium.remote.ElementLocation.findElement(ElementLocation.java:59)
	at org.openqa.selenium.remote.RemoteWebDriver.findElement(RemoteWebDriver.java:359)
	at org.openqa.selenium.remote.RemoteWebDriver.findElement(RemoteWebDriver.java:353)
	at org.openqa.selenium.support.pagefactory.DefaultElementLocator.findElement(DefaultElementLocator.java:68)
	at org.openqa.selenium.support.pagefactory.internal.LocatingElementHandler.invoke(LocatingElementHandler.java:38)
	at jdk.proxy2/jdk.proxy2.$Proxy20.getText(Unknown Source)
	at Demo.Invoify.Pages.actionAndPreviewPage.getMessage(actionAndPreviewPage.java:180)
	at Demo.Invoify.tests.validatingInvoiceActions.testInvoiceSaving(validatingInvoiceActions.java:34)
	at java.base/java.util.concurrent.FutureTask.run(FutureTask.java:264)
	at java.base/java.util.concurrent.ThreadPoolExecutor.runWorker(ThreadPoolExecutor.java:1136)
	at java.base/java.util.concurrent.ThreadPoolExecutor$Worker.run(ThreadPoolExecutor.java:635)
	at java.base/java.lang.Thread.run(Thread.java:833)
... Removed 21 stack frames</div></td></tr></table><p class="totop"><a href="#summary">back to summary</a></p>
<h3 id="m7">Demo.Invoify.tests.validatingInvoiceActions#testNavigation</h3><table class="result"><tr><th class="invisible"/></tr></table><p class="totop"><a href="#summary">back to summary</a></p>
</body>
</html>
